20150314
20150314
20150314
date:20150314
./logs/import_meituan_room_night_20150314.log
Warning: Using a password on the command line interface can be insecure.
insert overwrite local directory '/home/q/hive_tmp/loader/dwr_user_movie_newuser_hotel_di2015-03-15' row format delimited fields terminated by '\001' select a.dt, a.city_ename, sum(a.sales_cnt) from ( select dt, city_ename, sales_cnt from default.tuan_sales_valumn where dt = '20150314' and type = 'meituan' and category = '过夜房' and url != 'http://www.meituan.com/deal/7607399.html' and (sales_cnt <= 200 or (sales_cnt > 200 and selled_cnt - yes_selled_cnt = sales_cnt)) ) a join ( select city_code from default.super_super_return_city ) b on a.city_ename = b.city_code group by a.dt, a.city_ename

mysql  -hl-dw03.des.cn8.qunar.com -P3306 -udb_data_discover -p07XDgXuYyS --database=dwr --default-character-set=utf8 -N -B --quick -e "load data local infile '/home/q/hive_tmp/loader/dwr_user_movie_newuser_hotel_di2015-03-15/_total' into table dwr_meituan_city_room_night fields terminated by x'01' lines terminated by '\n'"

20150315
20150315
20150315
20150315
date:20150315
./logs/import_meituan_room_night_20150315.log
Warning: Using a password on the command line interface can be insecure.
insert overwrite local directory '/home/q/hive_tmp/loader/dwr_user_movie_newuser_hotel_di2015-03-16' row format delimited fields terminated by '\001' select a.dt, a.city_ename, sum(a.sales_cnt) from ( select dt, city_ename, sales_cnt from default.tuan_sales_valumn where dt = '20150315' and type = 'meituan' and category = '过夜房' and url != 'http://www.meituan.com/deal/7607399.html' and (sales_cnt <= 200 or (sales_cnt > 200 and selled_cnt - yes_selled_cnt = sales_cnt)) ) a join ( select city_code from default.super_super_return_city ) b on a.city_ename = b.city_code group by a.dt, a.city_ename

mysql  -hl-dw03.des.cn8.qunar.com -P3306 -udb_data_discover -p07XDgXuYyS --database=dwr --default-character-set=utf8 -N -B --quick -e "load data local infile '/home/q/hive_tmp/loader/dwr_user_movie_newuser_hotel_di2015-03-16/_total' into table dwr_meituan_city_room_night fields terminated by x'01' lines terminated by '\n'"

20150316
20150316
20150316
20150316
date:20150316
./logs/import_meituan_room_night_20150316.log
Warning: Using a password on the command line interface can be insecure.
insert overwrite local directory '/home/q/hive_tmp/loader/dwr_user_movie_newuser_hotel_di2015-03-17' row format delimited fields terminated by '\001' select a.dt, a.city_ename, sum(a.sales_cnt) from ( select dt, city_ename, sales_cnt from default.tuan_sales_valumn where dt = '20150316' and type = 'meituan' and category = '过夜房' and url != 'http://www.meituan.com/deal/7607399.html' and (sales_cnt <= 200 or (sales_cnt > 200 and selled_cnt - yes_selled_cnt = sales_cnt)) ) a join ( select city_code from default.super_super_return_city ) b on a.city_ename = b.city_code group by a.dt, a.city_ename

mysql  -hl-dw03.des.cn8.qunar.com -P3306 -udb_data_discover -p07XDgXuYyS --database=dwr --default-character-set=utf8 -N -B --quick -e "load data local infile '/home/q/hive_tmp/loader/dwr_user_movie_newuser_hotel_di2015-03-17/_total' into table dwr_meituan_city_room_night fields terminated by x'01' lines terminated by '\n'"

20150317
20150317
20150317
20150317
date:20150317
./logs/import_meituan_room_night_20150317.log
Warning: Using a password on the command line interface can be insecure.
insert overwrite local directory '/home/q/hive_tmp/loader/dwr_user_movie_newuser_hotel_di2015-03-18' row format delimited fields terminated by '\001' select a.dt, a.city_ename, sum(a.sales_cnt) from ( select dt, city_ename, sales_cnt from default.tuan_sales_valumn where dt = '20150317' and type = 'meituan' and category = '过夜房'
) a join ( select city_code from default.super_super_return_city ) b on a.city_ename = b.city_code group by a.dt, a.city_ename

mysql  -hl-dw03.des.cn8.qunar.com -P3306 -udb_data_discover -p07XDgXuYyS --database=dwr --default-character-set=utf8 -N -B --quick -e "load data local infile '/home/q/hive_tmp/loader/dwr_user_movie_newuser_hotel_di2015-03-18/_total' into table dwr_meituan_city_room_night fields terminated by x'01' lines terminated by '\n'"

20150318
20150318
20150318
20150318
date:20150318
./logs/import_meituan_room_night_20150318.log
Warning: Using a password on the command line interface can be insecure.
insert overwrite local directory '/home/q/hive_tmp/loader/dwr_user_movie_newuser_hotel_di2015-03-19' row format delimited fields terminated by '\001' select a.dt, a.city_ename, sum(a.sales_cnt) from ( select dt, city_ename, sales_cnt from default.tuan_sales_valumn where dt = '20150318' and type = 'meituan' and category = '过夜房'
) a join ( select city_code from default.super_super_return_city ) b on a.city_ename = b.city_code group by a.dt, a.city_ename

mysql  -hl-dw03.des.cn8.qunar.com -P3306 -udb_data_discover -p07XDgXuYyS --database=dwr --default-character-set=utf8 -N -B --quick -e "load data local infile '/home/q/hive_tmp/loader/dwr_user_movie_newuser_hotel_di2015-03-19/_total' into table dwr_meituan_city_room_night fields terminated by x'01' lines terminated by '\n'"

20150319
20150319
20150319
20150319
date:20150319
./logs/import_meituan_room_night_20150319.log
Warning: Using a password on the command line interface can be insecure.
insert overwrite local directory '/home/q/hive_tmp/loader/dwr_user_movie_newuser_hotel_di2015-03-20' row format delimited fields terminated by '\001' select a.dt, a.city_ename, sum(a.sales_cnt) from ( select dt, city_ename, sales_cnt from default.tuan_sales_valumn where dt = '20150319' and type = 'meituan' and category = '过夜房'
) a join ( select city_code from default.super_super_return_city ) b on a.city_ename = b.city_code group by a.dt, a.city_ename

mysql  -hl-dw03.des.cn8.qunar.com -P3306 -udb_data_discover -p07XDgXuYyS --database=dwr --default-character-set=utf8 -N -B --quick -e "load data local infile '/home/q/hive_tmp/loader/dwr_user_movie_newuser_hotel_di2015-03-20/_total' into table dwr_meituan_city_room_night fields terminated by x'01' lines terminated by '\n'"

20150320
20150320
20150320
20150320
date:20150320
./logs/import_meituan_room_night_20150320.log
Warning: Using a password on the command line interface can be insecure.
insert overwrite local directory '/home/q/hive_tmp/loader/dwr_user_movie_newuser_hotel_di2015-03-21' row format delimited fields terminated by '\001' select a.dt, a.city_ename, sum(a.sales_cnt) from ( select dt, city_ename, sales_cnt from default.tuan_sales_valumn where dt = '20150320' and type = 'meituan' and category = '过夜房'
) a join ( select city_code from default.super_super_return_city ) b on a.city_ename = b.city_code group by a.dt, a.city_ename

mysql  -hl-dw03.des.cn8.qunar.com -P3306 -udb_data_discover -p07XDgXuYyS --database=dwr --default-character-set=utf8 -N -B --quick -e "load data local infile '/home/q/hive_tmp/loader/dwr_user_movie_newuser_hotel_di2015-03-21/_total' into table dwr_meituan_city_room_night fields terminated by x'01' lines terminated by '\n'"

20150321
20150321
20150321
20150321
date:20150321
./logs/import_meituan_room_night_20150321.log
Warning: Using a password on the command line interface can be insecure.
insert overwrite local directory '/home/q/hive_tmp/loader/dwr_user_movie_newuser_hotel_di2015-03-22' row format delimited fields terminated by '\001' select a.dt, a.city_ename, sum(a.sales_cnt) from ( select dt, city_ename, sales_cnt from default.tuan_sales_valumn where dt = '20150321' and type = 'meituan' and category = '过夜房'
) a join ( select city_code from default.super_super_return_city ) b on a.city_ename = b.city_code group by a.dt, a.city_ename

mysql  -hl-dw03.des.cn8.qunar.com -P3306 -udb_data_discover -p07XDgXuYyS --database=dwr --default-character-set=utf8 -N -B --quick -e "load data local infile '/home/q/hive_tmp/loader/dwr_user_movie_newuser_hotel_di2015-03-22/_total' into table dwr_meituan_city_room_night fields terminated by x'01' lines terminated by '\n'"

20150322
20150322
20150322
20150322
date:20150322
./logs/import_meituan_room_night_20150322.log
Warning: Using a password on the command line interface can be insecure.
insert overwrite local directory '/home/q/hive_tmp/loader/dwr_user_movie_newuser_hotel_di2015-03-23-15-00-01' row format delimited fields terminated by '\001' select a.dt, a.city_ename, sum(a.sales_cnt) from ( select dt, city_ename, sales_cnt from default.tuan_sales_valumn where dt = '20150322' and type = 'meituan' and category = '过夜房'
) a join ( select city_code from default.super_super_return_city ) b on a.city_ename = b.city_code group by a.dt, a.city_ename

mysql  -hl-dw03.des.cn8.qunar.com -P3306 -udb_data_discover -p07XDgXuYyS --database=dwr --default-character-set=utf8 -N -B --quick -e "load data local infile '/home/q/hive_tmp/loader/dwr_user_movie_newuser_hotel_di2015-03-23-15-00-01/_total' into table dwr_meituan_city_room_night fields terminated by x'01' lines terminated by '\n'"

20150323
20150323
20150323
20150323
2015-03-23
date:20150323
./logs/import_meituan_room_night_20150323.log
Warning: Using a password on the command line interface can be insecure.
insert overwrite local directory '/home/q/hive_tmp/loader/dwr_user_movie_newuser_hotel_di2015-03-24-15-00-01' row format delimited fields terminated by '\001' select a.dt, a.city_ename, sum(a.sales_cnt) from ( select dt, city_ename, sales_cnt from default.tuan_sales_valumn where dt = '20150323' and type = 'meituan' and category = '过夜房'
) a join ( select distinct city_code from dim.dim_city where dt = '2015-03-23' ) b on a.city_ename = b.city_code group by a.dt, a.city_ename

mysql  -hl-dw03.des.cn8.qunar.com -P3306 -udb_data_discover -p07XDgXuYyS --database=dwr --default-character-set=utf8 -N -B --quick -e "load data local infile '/home/q/hive_tmp/loader/dwr_user_movie_newuser_hotel_di2015-03-24-15-00-01/_total' into table dwr_meituan_city_room_night fields terminated by x'01' lines terminated by '\n'"

20150324
2015-03-24
20150324
20150324
20150324
2015-03-24
date:20150324
./logs/import_meituan_room_night_20150324.log
Warning: Using a password on the command line interface can be insecure.
insert overwrite local directory '/home/q/hive_tmp/loader/dwr_user_movie_newuser_hotel_di2015-03-25-15-00-02' row format delimited fields terminated by '\001' select a.dt, a.city_ename, sum(a.sales_cnt) from ( select dt, city_ename, sales_cnt from default.tuan_sales_valumn where dt = '20150324' and type = 'meituan' and category = '过夜房'
) a join ( select distinct city_code from dim.dim_city where dt = '2015-03-24' ) b on a.city_ename = b.city_code group by a.dt, a.city_ename

mysql  -hl-dw03.des.cn8.qunar.com -P3306 -udb_data_discover -p07XDgXuYyS --database=dwr --default-character-set=utf8 -N -B --quick -e "load data local infile '/home/q/hive_tmp/loader/dwr_user_movie_newuser_hotel_di2015-03-25-15-00-02/_total' into table dwr_meituan_city_room_night fields terminated by x'01' lines terminated by '\n'"

20150325
2015-03-25
20150325
20150325
20150325
2015-03-25
date:20150325
./logs/import_meituan_room_night_20150325.log
Warning: Using a password on the command line interface can be insecure.
insert overwrite local directory '/home/q/hive_tmp/loader/dwr_user_movie_newuser_hotel_di2015-03-26-15-00-01' row format delimited fields terminated by '\001' select a.dt, a.city_ename, sum(a.sales_cnt) from ( select dt, city_ename, sales_cnt from default.tuan_sales_valumn where dt = '20150325' and type = 'meituan' and category = '过夜房'
) a join ( select distinct city_code from dim.dim_city where dt = '2015-03-25' ) b on a.city_ename = b.city_code group by a.dt, a.city_ename

mysql  -hl-dw03.des.cn8.qunar.com -P3306 -udb_data_discover -p07XDgXuYyS --database=dwr --default-character-set=utf8 -N -B --quick -e "load data local infile '/home/q/hive_tmp/loader/dwr_user_movie_newuser_hotel_di2015-03-26-15-00-01/_total' into table dwr_meituan_city_room_night fields terminated by x'01' lines terminated by '\n'"

20150326
2015-03-26
20150326
20150326
20150326
2015-03-26
date:20150326
./logs/import_meituan_room_night_20150326.log
Warning: Using a password on the command line interface can be insecure.
insert overwrite local directory '/home/q/hive_tmp/loader/dwr_user_movie_newuser_hotel_di2015-03-27-15-00-01' row format delimited fields terminated by '\001' select a.dt, a.city_ename, sum(a.sales_cnt) from ( select dt, city_ename, sales_cnt from default.tuan_sales_valumn where dt = '20150326' and type = 'meituan' and category = '过夜房'
) a join ( select distinct city_code from dim.dim_city where dt = '2015-03-26' ) b on a.city_ename = b.city_code group by a.dt, a.city_ename

mysql  -hl-dw03.des.cn8.qunar.com -P3306 -udb_data_discover -p07XDgXuYyS --database=dwr --default-character-set=utf8 -N -B --quick -e "load data local infile '/home/q/hive_tmp/loader/dwr_user_movie_newuser_hotel_di2015-03-27-15-00-01/_total' into table dwr_meituan_city_room_night fields terminated by x'01' lines terminated by '\n'"

20150327
2015-03-27
20150327
20150327
20150327
2015-03-27
date:20150327
./logs/import_meituan_room_night_20150327.log
Warning: Using a password on the command line interface can be insecure.
insert overwrite local directory '/home/q/hive_tmp/loader/dwr_user_movie_newuser_hotel_di2015-03-28-15-00-02' row format delimited fields terminated by '\001' select a.dt, a.city_ename, sum(a.sales_cnt) from ( select dt, city_ename, sales_cnt from default.tuan_sales_valumn where dt = '20150327' and type = 'meituan' and category = '过夜房' and tuan_name not like '%多城市%' ) a join ( select distinct city_code from dim.dim_city where dt = '2015-03-27' ) b on a.city_ename = b.city_code group by a.dt, a.city_ename

mysql  -hl-dw03.des.cn8.qunar.com -P3306 -udb_data_discover -p07XDgXuYyS --database=dwr --default-character-set=utf8 -N -B --quick -e "load data local infile '/home/q/hive_tmp/loader/dwr_user_movie_newuser_hotel_di2015-03-28-15-00-02/_total' into table dwr_meituan_city_room_night fields terminated by x'01' lines terminated by '\n'"

20150328
2015-03-28
20150328
20150328
20150328
2015-03-28
date:20150328
./logs/import_meituan_room_night_20150328.log
Warning: Using a password on the command line interface can be insecure.
insert overwrite local directory '/home/q/hive_tmp/loader/dwr_user_movie_newuser_hotel_di2015-03-29-15-00-01' row format delimited fields terminated by '\001' select a.dt, a.city_ename, sum(a.sales_cnt) from ( select dt, city_ename, sales_cnt from default.tuan_sales_valumn where dt = '20150328' and type = 'meituan' and category = '过夜房' and tuan_name not like '%多城市%' ) a join ( select distinct city_code from dim.dim_city where dt = '2015-03-28' ) b on a.city_ename = b.city_code group by a.dt, a.city_ename

mysql  -hl-dw03.des.cn8.qunar.com -P3306 -udb_data_discover -p07XDgXuYyS --database=dwr --default-character-set=utf8 -N -B --quick -e "load data local infile '/home/q/hive_tmp/loader/dwr_user_movie_newuser_hotel_di2015-03-29-15-00-01/_total' into table dwr_meituan_city_room_night fields terminated by x'01' lines terminated by '\n'"

20150329
2015-03-29
20150329
20150329
20150329
2015-03-29
date:20150329
./logs/import_meituan_room_night_20150329.log
Warning: Using a password on the command line interface can be insecure.
insert overwrite local directory '/home/q/hive_tmp/loader/dwr_user_movie_newuser_hotel_di2015-03-30-15-00-01' row format delimited fields terminated by '\001' select a.dt, a.city_ename, sum(a.sales_cnt) from ( select dt, city_ename, sales_cnt from default.tuan_sales_valumn where dt = '20150329' and type = 'meituan' and category = '过夜房' and tuan_name not like '%多城市%' ) a join ( select distinct city_code from dim.dim_city where dt = '2015-03-29' ) b on a.city_ename = b.city_code group by a.dt, a.city_ename

mysql  -hl-dw03.des.cn8.qunar.com -P3306 -udb_data_discover -p07XDgXuYyS --database=dwr --default-character-set=utf8 -N -B --quick -e "load data local infile '/home/q/hive_tmp/loader/dwr_user_movie_newuser_hotel_di2015-03-30-15-00-01/_total' into table dwr_meituan_city_room_night fields terminated by x'01' lines terminated by '\n'"

20150330
2015-03-30
20150330
20150330
20150330
2015-03-30
date:20150330
./logs/import_meituan_room_night_20150330.log
Warning: Using a password on the command line interface can be insecure.
insert overwrite local directory '/home/q/hive_tmp/loader/dwr_user_movie_newuser_hotel_di2015-03-31-15-00-01' row format delimited fields terminated by '\001' select a.dt, a.city_ename, sum(a.sales_cnt) from ( select dt, city_ename, sales_cnt from default.tuan_sales_valumn where dt = '20150330' and type = 'meituan' and category = '过夜房' and tuan_name not like '%多城市%' ) a join ( select distinct city_code from dim.dim_city where dt = '2015-03-30' ) b on a.city_ename = b.city_code group by a.dt, a.city_ename

mysql  -hl-dw03.des.cn8.qunar.com -P3306 -udb_data_discover -p07XDgXuYyS --database=dwr --default-character-set=utf8 -N -B --quick -e "load data local infile '/home/q/hive_tmp/loader/dwr_user_movie_newuser_hotel_di2015-03-31-15-00-01/_total' into table dwr_meituan_city_room_night fields terminated by x'01' lines terminated by '\n'"

20150331
2015-03-31
20150331
20150331
20150331
2015-03-31
date:20150331
./logs/import_meituan_room_night_20150331.log
Warning: Using a password on the command line interface can be insecure.
insert overwrite local directory '/home/q/hive_tmp/loader/dwr_user_movie_newuser_hotel_di2015-04-01-15-00-02' row format delimited fields terminated by '\001' select a.dt, a.city_ename, sum(a.sales_cnt) from ( select dt, city_ename, sales_cnt from default.tuan_sales_valumn where dt = '20150331' and type = 'meituan' and category = '过夜房' and tuan_name not like '%多城市%' ) a join ( select distinct city_code from dim.dim_city where dt = '2015-03-31' ) b on a.city_ename = b.city_code group by a.dt, a.city_ename

mysql  -hl-dw03.des.cn8.qunar.com -P3306 -udb_data_discover -p07XDgXuYyS --database=dwr --default-character-set=utf8 -N -B --quick -e "load data local infile '/home/q/hive_tmp/loader/dwr_user_movie_newuser_hotel_di2015-04-01-15-00-02/_total' into table dwr_meituan_city_room_night fields terminated by x'01' lines terminated by '\n'"

20150401
2015-04-01
20150401
20150401
20150401
2015-04-01
date:20150401
./logs/import_meituan_room_night_20150401.log
Warning: Using a password on the command line interface can be insecure.
insert overwrite local directory '/home/q/hive_tmp/loader/dwr_user_movie_newuser_hotel_di2015-04-02-15-00-01' row format delimited fields terminated by '\001' select a.dt, a.city_ename, sum(a.sales_cnt) from ( select dt, city_ename, sales_cnt from default.tuan_sales_valumn where dt = '20150401' and type = 'meituan' and category = '过夜房' and tuan_name not like '%多城市%' ) a join ( select distinct city_code from dim.dim_city where dt = '2015-04-01' ) b on a.city_ename = b.city_code group by a.dt, a.city_ename

mysql  -hl-dw03.des.cn8.qunar.com -P3306 -udb_data_discover -p07XDgXuYyS --database=dwr --default-character-set=utf8 -N -B --quick -e "load data local infile '/home/q/hive_tmp/loader/dwr_user_movie_newuser_hotel_di2015-04-02-15-00-01/_total' into table dwr_meituan_city_room_night fields terminated by x'01' lines terminated by '\n'"

20150402
2015-04-02
20150402
20150402
20150402
2015-04-02
date:20150402
./logs/import_meituan_room_night_20150402.log
Warning: Using a password on the command line interface can be insecure.
insert overwrite local directory '/home/q/hive_tmp/loader/dwr_user_movie_newuser_hotel_di2015-04-03-15-00-01' row format delimited fields terminated by '\001' select a.dt, a.city_ename, sum(a.sales_cnt) from ( select dt, city_ename, sales_cnt from default.tuan_sales_valumn where dt = '20150402' and type = 'meituan' and category = '过夜房' and tuan_name not like '%多城市%' ) a join ( select distinct city_code from dim.dim_city where dt = '2015-04-02' ) b on a.city_ename = b.city_code group by a.dt, a.city_ename

mysql  -hl-dw03.des.cn8.qunar.com -P3306 -udb_data_discover -p07XDgXuYyS --database=dwr --default-character-set=utf8 -N -B --quick -e "load data local infile '/home/q/hive_tmp/loader/dwr_user_movie_newuser_hotel_di2015-04-03-15-00-01/_total' into table dwr_meituan_city_room_night fields terminated by x'01' lines terminated by '\n'"

20150403
2015-04-03
20150403
20150403
20150403
2015-04-03
date:20150403
./logs/import_meituan_room_night_20150403.log
Warning: Using a password on the command line interface can be insecure.
insert overwrite local directory '/home/q/hive_tmp/loader/dwr_user_movie_newuser_hotel_di2015-04-04-15-00-01' row format delimited fields terminated by '\001' select a.dt, a.city_ename, sum(a.sales_cnt) from ( select dt, city_ename, sales_cnt from default.tuan_sales_valumn where dt = '20150403' and type = 'meituan' and category = '过夜房' and tuan_name not like '%多城市%' ) a join ( select distinct city_code from dim.dim_city where dt = '2015-04-03' ) b on a.city_ename = b.city_code group by a.dt, a.city_ename

mysql  -hl-dw03.des.cn8.qunar.com -P3306 -udb_data_discover -p07XDgXuYyS --database=dwr --default-character-set=utf8 -N -B --quick -e "load data local infile '/home/q/hive_tmp/loader/dwr_user_movie_newuser_hotel_di2015-04-04-15-00-01/_total' into table dwr_meituan_city_room_night fields terminated by x'01' lines terminated by '\n'"

20150404
2015-04-04
20150404
20150404
20150404
2015-04-04
date:20150404
./logs/import_meituan_room_night_20150404.log
Warning: Using a password on the command line interface can be insecure.
insert overwrite local directory '/home/q/hive_tmp/loader/dwr_user_movie_newuser_hotel_di2015-04-05-15-00-01' row format delimited fields terminated by '\001' select a.dt, a.city_ename, sum(a.sales_cnt) from ( select dt, city_ename, sales_cnt from default.tuan_sales_valumn where dt = '20150404' and type = 'meituan' and category = '过夜房' and tuan_name not like '%多城市%' ) a join ( select distinct city_code from dim.dim_city where dt = '2015-04-04' ) b on a.city_ename = b.city_code group by a.dt, a.city_ename

mysql  -hl-dw03.des.cn8.qunar.com -P3306 -udb_data_discover -p07XDgXuYyS --database=dwr --default-character-set=utf8 -N -B --quick -e "load data local infile '/home/q/hive_tmp/loader/dwr_user_movie_newuser_hotel_di2015-04-05-15-00-01/_total' into table dwr_meituan_city_room_night fields terminated by x'01' lines terminated by '\n'"

20150405
2015-04-05
20150405
20150405
20150405
2015-04-05
date:20150405
./logs/import_meituan_room_night_20150405.log
Warning: Using a password on the command line interface can be insecure.
insert overwrite local directory '/home/q/hive_tmp/loader/dwr_user_movie_newuser_hotel_di2015-04-06-15-00-01' row format delimited fields terminated by '\001' select a.dt, a.city_ename, sum(a.sales_cnt) from ( select dt, city_ename, sales_cnt from default.tuan_sales_valumn where dt = '20150405' and type = 'meituan' and category = '过夜房' and tuan_name not like '%多城市%' ) a join ( select distinct city_code from dim.dim_city where dt = '2015-04-05' ) b on a.city_ename = b.city_code group by a.dt, a.city_ename

mysql  -hl-dw03.des.cn8.qunar.com -P3306 -udb_data_discover -p07XDgXuYyS --database=dwr --default-character-set=utf8 -N -B --quick -e "load data local infile '/home/q/hive_tmp/loader/dwr_user_movie_newuser_hotel_di2015-04-06-15-00-01/_total' into table dwr_meituan_city_room_night fields terminated by x'01' lines terminated by '\n'"

20150406
2015-04-06
20150406
20150406
20150406
2015-04-06
date:20150406
./logs/import_meituan_room_night_20150406.log
Warning: Using a password on the command line interface can be insecure.
insert overwrite local directory '/home/q/hive_tmp/loader/dwr_user_movie_newuser_hotel_di2015-04-07-15-00-02' row format delimited fields terminated by '\001' select a.dt, a.city_ename, sum(a.sales_cnt) from ( select dt, city_ename, sales_cnt from default.tuan_sales_valumn where dt = '20150406' and type = 'meituan' and category = '过夜房' and tuan_name not like '%多城市%' ) a join ( select distinct city_code from dim.dim_city where dt = '2015-04-06' ) b on a.city_ename = b.city_code group by a.dt, a.city_ename

mysql  -hl-dw03.des.cn8.qunar.com -P3306 -udb_data_discover -p07XDgXuYyS --database=dwr --default-character-set=utf8 -N -B --quick -e "load data local infile '/home/q/hive_tmp/loader/dwr_user_movie_newuser_hotel_di2015-04-07-15-00-02/_total' into table dwr_meituan_city_room_night fields terminated by x'01' lines terminated by '\n'"

20150407
2015-04-07
20150407
20150407
20150407
2015-04-07
date:20150407
./logs/import_meituan_room_night_20150407.log
Warning: Using a password on the command line interface can be insecure.
insert overwrite local directory '/home/q/hive_tmp/loader/dwr_user_movie_newuser_hotel_di2015-04-08-15-00-01' row format delimited fields terminated by '\001' select a.dt, a.city_ename, sum(a.sales_cnt) from ( select dt, city_ename, sales_cnt from default.tuan_sales_valumn where dt = '20150407' and type = 'meituan' and category = '过夜房' and tuan_name not like '%多城市%' ) a join ( select distinct city_code from dim.dim_city where dt = '2015-04-07' ) b on a.city_ename = b.city_code group by a.dt, a.city_ename

mysql  -hl-dw03.des.cn8.qunar.com -P3306 -udb_data_discover -p07XDgXuYyS --database=dwr --default-character-set=utf8 -N -B --quick -e "load data local infile '/home/q/hive_tmp/loader/dwr_user_movie_newuser_hotel_di2015-04-08-15-00-01/_total' into table dwr_meituan_city_room_night fields terminated by x'01' lines terminated by '\n'"

20150408
2015-04-08
20150408
20150408
20150408
2015-04-08
date:20150408
./logs/import_meituan_room_night_20150408.log
Warning: Using a password on the command line interface can be insecure.
insert overwrite local directory '/home/q/hive_tmp/loader/dwr_user_movie_newuser_hotel_di2015-04-09-15-00-01' row format delimited fields terminated by '\001' select a.dt, a.city_ename, sum(a.sales_cnt) from ( select dt, city_ename, sales_cnt from default.tuan_sales_valumn where dt = '20150408' and type = 'meituan' and category = '过夜房' and tuan_name not like '%多城市%' ) a join ( select distinct city_code from dim.dim_city where dt = '2015-04-08' ) b on a.city_ename = b.city_code group by a.dt, a.city_ename

mysql  -hl-dw03.des.cn8.qunar.com -P3306 -udb_data_discover -p07XDgXuYyS --database=dwr --default-character-set=utf8 -N -B --quick -e "load data local infile '/home/q/hive_tmp/loader/dwr_user_movie_newuser_hotel_di2015-04-09-15-00-01/_total' into table dwr_meituan_city_room_night fields terminated by x'01' lines terminated by '\n'"

20150409
2015-04-09
20150409
20150409
20150409
2015-04-09
date:20150409
./logs/import_meituan_room_night_20150409.log
Warning: Using a password on the command line interface can be insecure.
insert overwrite local directory '/home/q/hive_tmp/loader/dwr_user_movie_newuser_hotel_di2015-04-10-15-00-01' row format delimited fields terminated by '\001' select a.dt, a.city_ename, sum(a.sales_cnt) from ( select dt, city_ename, sales_cnt from default.tuan_sales_valumn where dt = '20150409' and type = 'meituan' and category = '过夜房' and tuan_name not like '%多城市%' ) a join ( select distinct city_code from dim.dim_city where dt = '2015-04-09' ) b on a.city_ename = b.city_code group by a.dt, a.city_ename

mysql  -hl-dw03.des.cn8.qunar.com -P3306 -udb_data_discover -p07XDgXuYyS --database=dwr --default-character-set=utf8 -N -B --quick -e "load data local infile '/home/q/hive_tmp/loader/dwr_user_movie_newuser_hotel_di2015-04-10-15-00-01/_total' into table dwr_meituan_city_room_night fields terminated by x'01' lines terminated by '\n'"

20150410
2015-04-10
20150410
20150410
20150410
2015-04-10
date:20150410
./logs/import_meituan_room_night_20150410.log
Warning: Using a password on the command line interface can be insecure.
insert overwrite local directory '/home/q/hive_tmp/loader/dwr_user_movie_newuser_hotel_di2015-04-11-15-00-02' row format delimited fields terminated by '\001' select a.dt, a.city_ename, sum(a.sales_cnt) from ( select dt, city_ename, sales_cnt from default.tuan_sales_valumn where dt = '20150410' and type = 'meituan' and category = '过夜房' and tuan_name not like '%多城市%' ) a join ( select distinct city_code from dim.dim_city where dt = '2015-04-10' ) b on a.city_ename = b.city_code group by a.dt, a.city_ename

mysql  -hl-dw03.des.cn8.qunar.com -P3306 -udb_data_discover -p07XDgXuYyS --database=dwr --default-character-set=utf8 -N -B --quick -e "load data local infile '/home/q/hive_tmp/loader/dwr_user_movie_newuser_hotel_di2015-04-11-15-00-02/_total' into table dwr_meituan_city_room_night fields terminated by x'01' lines terminated by '\n'"

20150411
2015-04-11
20150411
20150411
20150411
2015-04-11
date:20150411
./logs/import_meituan_room_night_20150411.log
Warning: Using a password on the command line interface can be insecure.
insert overwrite local directory '/home/q/hive_tmp/loader/dwr_user_movie_newuser_hotel_di2015-04-12-15-00-02' row format delimited fields terminated by '\001' select a.dt, a.city_ename, sum(a.sales_cnt) from ( select dt, city_ename, sales_cnt from default.tuan_sales_valumn where dt = '20150411' and type = 'meituan' and category = '过夜房' and tuan_name not like '%多城市%' ) a join ( select distinct city_code from dim.dim_city where dt = '2015-04-11' ) b on a.city_ename = b.city_code group by a.dt, a.city_ename

mysql  -hl-dw03.des.cn8.qunar.com -P3306 -udb_data_discover -p07XDgXuYyS --database=dwr --default-character-set=utf8 -N -B --quick -e "load data local infile '/home/q/hive_tmp/loader/dwr_user_movie_newuser_hotel_di2015-04-12-15-00-02/_total' into table dwr_meituan_city_room_night fields terminated by x'01' lines terminated by '\n'"

20150412
2015-04-12
20150412
20150412
20150412
2015-04-12
date:20150412
./logs/import_meituan_room_night_20150412.log
Warning: Using a password on the command line interface can be insecure.
insert overwrite local directory '/home/q/hive_tmp/loader/dwr_user_movie_newuser_hotel_di2015-04-13-15-00-01' row format delimited fields terminated by '\001' select a.dt, a.city_ename, sum(a.sales_cnt) from ( select dt, city_ename, sales_cnt from default.tuan_sales_valumn where dt = '20150412' and type = 'meituan' and category = '过夜房' and tuan_name not like '%多城市%' ) a join ( select distinct city_code from dim.dim_city where dt = '2015-04-12' ) b on a.city_ename = b.city_code group by a.dt, a.city_ename

mysql  -hl-dw03.des.cn8.qunar.com -P3306 -udb_data_discover -p07XDgXuYyS --database=dwr --default-character-set=utf8 -N -B --quick -e "load data local infile '/home/q/hive_tmp/loader/dwr_user_movie_newuser_hotel_di2015-04-13-15-00-01/_total' into table dwr_meituan_city_room_night fields terminated by x'01' lines terminated by '\n'"

20150413
2015-04-13
20150413
20150413
20150413
2015-04-13
date:20150413
./logs/import_meituan_room_night_20150413.log
Warning: Using a password on the command line interface can be insecure.
insert overwrite local directory '/home/q/hive_tmp/loader/dwr_user_movie_newuser_hotel_di2015-04-14-15-00-01' row format delimited fields terminated by '\001' select a.dt, a.city_ename, sum(a.sales_cnt) from ( select dt, city_ename, sales_cnt from default.tuan_sales_valumn where dt = '20150413' and type = 'meituan' and category = '过夜房' and tuan_name not like '%多城市%' ) a join ( select distinct city_code from dim.dim_city where dt = '2015-04-13' ) b on a.city_ename = b.city_code group by a.dt, a.city_ename

mysql  -hl-dw03.des.cn8.qunar.com -P3306 -udb_data_discover -p07XDgXuYyS --database=dwr --default-character-set=utf8 -N -B --quick -e "load data local infile '/home/q/hive_tmp/loader/dwr_user_movie_newuser_hotel_di2015-04-14-15-00-01/_total' into table dwr_meituan_city_room_night fields terminated by x'01' lines terminated by '\n'"

20150414
2015-04-14
20150414
20150414
20150414
2015-04-14
date:20150414
./logs/import_meituan_room_night_20150414.log
Warning: Using a password on the command line interface can be insecure.
insert overwrite local directory '/home/q/hive_tmp/loader/dwr_user_movie_newuser_hotel_di2015-04-15-15-00-02' row format delimited fields terminated by '\001' select a.dt, a.city_ename, sum(a.sales_cnt) from ( select dt, city_ename, sales_cnt from default.tuan_sales_valumn where dt = '20150414' and type = 'meituan' and category = '过夜房' and tuan_name not like '%多城市%' ) a join ( select distinct city_code from dim.dim_city where dt = '2015-04-14' ) b on a.city_ename = b.city_code group by a.dt, a.city_ename

mysql  -hl-dw03.des.cn8.qunar.com -P3306 -udb_data_discover -p07XDgXuYyS --database=dwr --default-character-set=utf8 -N -B --quick -e "load data local infile '/home/q/hive_tmp/loader/dwr_user_movie_newuser_hotel_di2015-04-15-15-00-02/_total' into table dwr_meituan_city_room_night fields terminated by x'01' lines terminated by '\n'"

20150415
2015-04-15
20150415
20150415
20150415
2015-04-15
date:20150415
./logs/import_meituan_room_night_20150415.log
Warning: Using a password on the command line interface can be insecure.
insert overwrite local directory '/home/q/hive_tmp/loader/dwr_user_movie_newuser_hotel_di2015-04-16-15-00-01' row format delimited fields terminated by '\001' select a.dt, a.city_ename, sum(a.sales_cnt) from ( select dt, city_ename, sales_cnt from default.tuan_sales_valumn where dt = '20150415' and type = 'meituan' and category = '过夜房' and tuan_name not like '%多城市%' ) a join ( select distinct city_code from dim.dim_city where dt = '2015-04-15' ) b on a.city_ename = b.city_code group by a.dt, a.city_ename

mysql  -hl-dw03.des.cn8.qunar.com -P3306 -udb_data_discover -p07XDgXuYyS --database=dwr --default-character-set=utf8 -N -B --quick -e "load data local infile '/home/q/hive_tmp/loader/dwr_user_movie_newuser_hotel_di2015-04-16-15-00-01/_total' into table dwr_meituan_city_room_night fields terminated by x'01' lines terminated by '\n'"

20150416
2015-04-16
20150416
20150416
20150416
2015-04-16
date:20150416
./logs/import_meituan_room_night_20150416.log
Warning: Using a password on the command line interface can be insecure.
insert overwrite local directory '/home/q/hive_tmp/loader/dwr_user_movie_newuser_hotel_di2015-04-17-15-00-01' row format delimited fields terminated by '\001' select a.dt, a.city_ename, sum(a.sales_cnt) from ( select dt, city_ename, sales_cnt from default.tuan_sales_valumn where dt = '20150416' and type = 'meituan' and category = '过夜房' and tuan_name not like '%多城市%' ) a join ( select distinct city_code from dim.dim_city where dt = '2015-04-16' ) b on a.city_ename = b.city_code group by a.dt, a.city_ename

mysql  -hl-dw03.des.cn8.qunar.com -P3306 -udb_data_discover -p07XDgXuYyS --database=dwr --default-character-set=utf8 -N -B --quick -e "load data local infile '/home/q/hive_tmp/loader/dwr_user_movie_newuser_hotel_di2015-04-17-15-00-01/_total' into table dwr_meituan_city_room_night fields terminated by x'01' lines terminated by '\n'"

20150417
2015-04-17
20150417
20150417
20150417
2015-04-17
date:20150417
./logs/import_meituan_room_night_20150417.log
Warning: Using a password on the command line interface can be insecure.
insert overwrite local directory '/home/q/hive_tmp/loader/dwr_user_movie_newuser_hotel_di2015-04-18-15-00-02' row format delimited fields terminated by '\001' select a.dt, a.city_ename, sum(a.sales_cnt) from ( select dt, city_ename, sales_cnt from default.tuan_sales_valumn where dt = '20150417' and type = 'meituan' and category = '过夜房' and tuan_name not like '%多城市%' ) a join ( select distinct city_code from dim.dim_city where dt = '2015-04-17' ) b on a.city_ename = b.city_code group by a.dt, a.city_ename

mysql  -hl-dw03.des.cn8.qunar.com -P3306 -udb_data_discover -p07XDgXuYyS --database=dwr --default-character-set=utf8 -N -B --quick -e "load data local infile '/home/q/hive_tmp/loader/dwr_user_movie_newuser_hotel_di2015-04-18-15-00-02/_total' into table dwr_meituan_city_room_night fields terminated by x'01' lines terminated by '\n'"

20150418
2015-04-18
20150418
20150418
20150418
2015-04-18
date:20150418
./logs/import_meituan_room_night_20150418.log
Warning: Using a password on the command line interface can be insecure.
insert overwrite local directory '/home/q/hive_tmp/loader/dwr_user_movie_newuser_hotel_di2015-04-19-15-00-01' row format delimited fields terminated by '\001' select a.dt, a.city_ename, sum(a.sales_cnt) from ( select dt, city_ename, sales_cnt from default.tuan_sales_valumn where dt = '20150418' and type = 'meituan' and category = '过夜房' and tuan_name not like '%多城市%' ) a join ( select distinct city_code from dim.dim_city where dt = '2015-04-18' ) b on a.city_ename = b.city_code group by a.dt, a.city_ename

mysql  -hl-dw03.des.cn8.qunar.com -P3306 -udb_data_discover -p07XDgXuYyS --database=dwr --default-character-set=utf8 -N -B --quick -e "load data local infile '/home/q/hive_tmp/loader/dwr_user_movie_newuser_hotel_di2015-04-19-15-00-01/_total' into table dwr_meituan_city_room_night fields terminated by x'01' lines terminated by '\n'"

20150419
2015-04-19
20150419
20150419
20150419
2015-04-19
date:20150419
./logs/import_meituan_room_night_20150419.log
Warning: Using a password on the command line interface can be insecure.
insert overwrite local directory '/home/q/hive_tmp/loader/dwr_user_movie_newuser_hotel_di2015-04-20-15-00-02' row format delimited fields terminated by '\001' select a.dt, a.city_ename, sum(a.sales_cnt) from ( select dt, city_ename, sales_cnt from default.tuan_sales_valumn where dt = '20150419' and type = 'meituan' and category = '过夜房' and tuan_name not like '%多城市%' ) a join ( select distinct city_code from dim.dim_city where dt = '2015-04-19' ) b on a.city_ename = b.city_code group by a.dt, a.city_ename

mysql  -hl-dw03.des.cn8.qunar.com -P3306 -udb_data_discover -p07XDgXuYyS --database=dwr --default-character-set=utf8 -N -B --quick -e "load data local infile '/home/q/hive_tmp/loader/dwr_user_movie_newuser_hotel_di2015-04-20-15-00-02/_total' into table dwr_meituan_city_room_night fields terminated by x'01' lines terminated by '\n'"

20150420
2015-04-20
20150420
20150420
20150420
2015-04-20
date:20150420
./logs/import_meituan_room_night_20150420.log
Warning: Using a password on the command line interface can be insecure.
insert overwrite local directory '/home/q/hive_tmp/loader/dwr_user_movie_newuser_hotel_di2015-04-21-15-00-02' row format delimited fields terminated by '\001' select a.dt, a.city_ename, sum(a.sales_cnt) from ( select dt, city_ename, sales_cnt from default.tuan_sales_valumn where dt = '20150420' and type = 'meituan' and category = '过夜房' and tuan_name not like '%多城市%' ) a join ( select distinct city_code from dim.dim_city where dt = '2015-04-20' ) b on a.city_ename = b.city_code group by a.dt, a.city_ename

mysql  -hl-dw03.des.cn8.qunar.com -P3306 -udb_data_discover -p07XDgXuYyS --database=dwr --default-character-set=utf8 -N -B --quick -e "load data local infile '/home/q/hive_tmp/loader/dwr_user_movie_newuser_hotel_di2015-04-21-15-00-02/_total' into table dwr_meituan_city_room_night fields terminated by x'01' lines terminated by '\n'"

20150421
2015-04-21
20150421
20150421
20150421
2015-04-21
date:20150421
./logs/import_meituan_room_night_20150421.log
Warning: Using a password on the command line interface can be insecure.
insert overwrite local directory '/home/q/hive_tmp/loader/dwr_user_movie_newuser_hotel_di2015-04-22-15-00-01' row format delimited fields terminated by '\001' select a.dt, a.city_ename, sum(a.sales_cnt) from ( select dt, city_ename, sales_cnt from default.tuan_sales_valumn where dt = '20150421' and type = 'meituan' and category = '过夜房' and tuan_name not like '%多城市%' ) a join ( select distinct city_code from dim.dim_city where dt = '2015-04-21' ) b on a.city_ename = b.city_code group by a.dt, a.city_ename

mysql  -hl-dw03.des.cn8.qunar.com -P3306 -udb_data_discover -p07XDgXuYyS --database=dwr --default-character-set=utf8 -N -B --quick -e "load data local infile '/home/q/hive_tmp/loader/dwr_user_movie_newuser_hotel_di2015-04-22-15-00-01/_total' into table dwr_meituan_city_room_night fields terminated by x'01' lines terminated by '\n'"

20150422
2015-04-22
20150422
20150422
20150422
2015-04-22
date:20150422
./logs/import_meituan_room_night_20150422.log
Warning: Using a password on the command line interface can be insecure.
insert overwrite local directory '/home/q/hive_tmp/loader/dwr_user_movie_newuser_hotel_di2015-04-23-15-00-01' row format delimited fields terminated by '\001' select a.dt, a.city_ename, sum(a.sales_cnt) from ( select dt, city_ename, sales_cnt from default.tuan_sales_valumn where dt = '20150422' and type = 'meituan' and category = '过夜房' and tuan_name not like '%多城市%' ) a join ( select distinct city_code from dim.dim_city where dt = '2015-04-22' ) b on a.city_ename = b.city_code group by a.dt, a.city_ename

mysql  -hl-dw03.des.cn8.qunar.com -P3306 -udb_data_discover -p07XDgXuYyS --database=dwr --default-character-set=utf8 -N -B --quick -e "load data local infile '/home/q/hive_tmp/loader/dwr_user_movie_newuser_hotel_di2015-04-23-15-00-01/_total' into table dwr_meituan_city_room_night fields terminated by x'01' lines terminated by '\n'"

20150423
2015-04-23
20150423
20150423
20150423
2015-04-23
date:20150423
./logs/import_meituan_room_night_20150423.log
Warning: Using a password on the command line interface can be insecure.
insert overwrite local directory '/home/q/hive_tmp/loader/dwr_user_movie_newuser_hotel_di2015-04-24-15-00-02' row format delimited fields terminated by '\001' select a.dt, a.city_ename, sum(a.sales_cnt) from ( select dt, city_ename, sales_cnt from default.tuan_sales_valumn where dt = '20150423' and type = 'meituan' and category = '过夜房' and tuan_name not like '%多城市%' ) a join ( select distinct city_code from dim.dim_city where dt = '2015-04-23' ) b on a.city_ename = b.city_code group by a.dt, a.city_ename

mysql  -hl-dw03.des.cn8.qunar.com -P3306 -udb_data_discover -p07XDgXuYyS --database=dwr --default-character-set=utf8 -N -B --quick -e "load data local infile '/home/q/hive_tmp/loader/dwr_user_movie_newuser_hotel_di2015-04-24-15-00-02/_total' into table dwr_meituan_city_room_night fields terminated by x'01' lines terminated by '\n'"

20150424
2015-04-24
20150424
20150424
20150424
2015-04-24
date:20150424
./logs/import_meituan_room_night_20150424.log
Warning: Using a password on the command line interface can be insecure.
insert overwrite local directory '/home/q/hive_tmp/loader/dwr_user_movie_newuser_hotel_di2015-04-25-15-00-02' row format delimited fields terminated by '\001' select a.dt, a.city_ename, sum(a.sales_cnt) from ( select dt, city_ename, sales_cnt from default.tuan_sales_valumn where dt = '20150424' and type = 'meituan' and category = '过夜房' and tuan_name not like '%多城市%' ) a join ( select distinct city_code from dim.dim_city where dt = '2015-04-24' ) b on a.city_ename = b.city_code group by a.dt, a.city_ename

mysql  -hl-dw03.des.cn8.qunar.com -P3306 -udb_data_discover -p07XDgXuYyS --database=dwr --default-character-set=utf8 -N -B --quick -e "load data local infile '/home/q/hive_tmp/loader/dwr_user_movie_newuser_hotel_di2015-04-25-15-00-02/_total' into table dwr_meituan_city_room_night fields terminated by x'01' lines terminated by '\n'"

20150425
2015-04-25
20150425
20150425
20150425
2015-04-25
date:20150425
./logs/import_meituan_room_night_20150425.log
Warning: Using a password on the command line interface can be insecure.
insert overwrite local directory '/home/q/hive_tmp/loader/dwr_user_movie_newuser_hotel_di2015-04-26-15-00-01' row format delimited fields terminated by '\001' select a.dt, a.city_ename, sum(a.sales_cnt) from ( select dt, city_ename, sales_cnt from default.tuan_sales_valumn where dt = '20150425' and type = 'meituan' and category = '过夜房' and tuan_name not like '%多城市%' ) a join ( select distinct city_code from dim.dim_city where dt = '2015-04-25' ) b on a.city_ename = b.city_code group by a.dt, a.city_ename

mysql  -hl-dw03.des.cn8.qunar.com -P3306 -udb_data_discover -p07XDgXuYyS --database=dwr --default-character-set=utf8 -N -B --quick -e "load data local infile '/home/q/hive_tmp/loader/dwr_user_movie_newuser_hotel_di2015-04-26-15-00-01/_total' into table dwr_meituan_city_room_night fields terminated by x'01' lines terminated by '\n'"

20150426
2015-04-26
20150426
20150426
20150426
2015-04-26
date:20150426
./logs/import_meituan_room_night_20150426.log
Warning: Using a password on the command line interface can be insecure.
insert overwrite local directory '/home/q/hive_tmp/loader/dwr_user_movie_newuser_hotel_di2015-04-27-15-00-01' row format delimited fields terminated by '\001' select a.dt, a.city_ename, sum(a.sales_cnt) from ( select dt, city_ename, sales_cnt from default.tuan_sales_valumn where dt = '20150426' and type = 'meituan' and category = '过夜房' and tuan_name not like '%多城市%' ) a join ( select distinct city_code from dim.dim_city where dt = '2015-04-26' ) b on a.city_ename = b.city_code group by a.dt, a.city_ename

mysql  -hl-dw03.des.cn8.qunar.com -P3306 -udb_data_discover -p07XDgXuYyS --database=dwr --default-character-set=utf8 -N -B --quick -e "load data local infile '/home/q/hive_tmp/loader/dwr_user_movie_newuser_hotel_di2015-04-27-15-00-01/_total' into table dwr_meituan_city_room_night fields terminated by x'01' lines terminated by '\n'"

20150427
2015-04-27
20150427
20150427
20150427
2015-04-27
date:20150427
./logs/import_meituan_room_night_20150427.log
Warning: Using a password on the command line interface can be insecure.
insert overwrite local directory '/home/q/hive_tmp/loader/dwr_user_movie_newuser_hotel_di2015-04-28-15-00-01' row format delimited fields terminated by '\001' select a.dt, a.city_ename, sum(a.sales_cnt) from ( select dt, city_ename, sales_cnt from default.tuan_sales_valumn where dt = '20150427' and type = 'meituan' and category = '过夜房' and tuan_name not like '%多城市%' ) a join ( select distinct city_code from dim.dim_city where dt = '2015-04-27' ) b on a.city_ename = b.city_code group by a.dt, a.city_ename

mysql  -hl-dw03.des.cn8.qunar.com -P3306 -udb_data_discover -p07XDgXuYyS --database=dwr --default-character-set=utf8 -N -B --quick -e "load data local infile '/home/q/hive_tmp/loader/dwr_user_movie_newuser_hotel_di2015-04-28-15-00-01/_total' into table dwr_meituan_city_room_night fields terminated by x'01' lines terminated by '\n'"

20150428
2015-04-28
