2014-04-22 10:00:47,236 INFO  [main] (Schedule.java:27)     - init schedule
2014-04-22 10:00:48,495 INFO  [main] (ItemReader.java:33)     - exec host ip: localhost
2014-04-22 10:00:48,519 INFO  [main] (Schedule.java:37)     - start schedule
2014-04-22 10:00:48,526 INFO  [main] (  Worker.java:35)     - init worker on item null  to check table:'null', column:'null' with rule 1
2014-04-22 10:00:48,552 INFO  [main] (  Worker.java:35)     - init worker on item null  to check table:'null', column:'null' with rule 2
2014-04-22 10:00:48,553 INFO  [pool-1-thread-1] (  Worker.java:48)     - worker parse
2014-04-22 10:00:48,555 INFO  [pool-1-thread-1] (  Parser.java:38)     - parse rule and item to hive sql
2014-04-22 10:00:48,556 INFO  [pool-1-thread-2] (  Worker.java:48)     - worker parse
2014-04-22 10:00:48,557 INFO  [pool-1-thread-2] (  Parser.java:38)     - parse rule and item to hive sql
2014-04-22 10:00:48,557 INFO  [pool-1-thread-1] (  Parser.java:135)     - hiveQL: select a.id,count(1) from ods.odsdual a where dt='2014-04-20' group by a.id having count(1)>1 limit 100
2014-04-22 10:00:48,557 INFO  [pool-1-thread-1] (  Worker.java:54)     - worker exec
2014-04-22 10:00:48,557 INFO  [pool-1-thread-1] (Executor.java:67)     - exec hive sql ..
2014-04-22 10:00:48,558 INFO  [pool-1-thread-2] (  Parser.java:135)     - hiveQL: select count(1) from ods.odsdual where dt='2014-04-20' and ods.odsdual.id is null limit 100
2014-04-22 10:00:48,558 INFO  [pool-1-thread-2] (  Worker.java:54)     - worker exec
2014-04-22 10:00:48,558 INFO  [pool-1-thread-2] (Executor.java:67)     - exec hive sql ..
2014-04-22 10:00:49,724 INFO  [main] (Schedule.java:54)     - threads running...
2014-04-22 10:00:50,069 ERROR [pool-1-thread-2] (Executor.java:105)     - hive sql execution failed.
java.sql.SQLException: Query returned non-zero code: 10004, cause: FAILED: SemanticException [Error 10004]: Line 1:59 Invalid table alias or column reference 'ods': (possible column names are: id, dt)
	at org.apache.hadoop.hive.jdbc.HivePreparedStatement.executeImmediate(HivePreparedStatement.java:178)
	at org.apache.hadoop.hive.jdbc.HivePreparedStatement.executeQuery(HivePreparedStatement.java:141)
	at com.dajie.datacenter.datacheckjob.util.DBCommon.executeQuery(DBCommon.java:78)
	at com.dajie.datacenter.datacheckjob.util.DBCommon.executeQuery(DBCommon.java:73)
	at com.dajie.datacenter.datacheckjob.job.Executor.exec(Executor.java:74)
	at com.dajie.datacenter.datacheckjob.job.Worker.exec(Worker.java:56)
	at com.dajie.datacenter.datacheckjob.job.Worker.run(Worker.java:92)
	at java.lang.Thread.run(Thread.java:662)
	at java.util.concurrent.ThreadPoolExecutor$Worker.runTask(ThreadPoolExecutor.java:895)
	at java.util.concurrent.ThreadPoolExecutor$Worker.run(ThreadPoolExecutor.java:918)
	at java.lang.Thread.run(Thread.java:662)
Caused by: HiveServerException(message:Query returned non-zero code: 10004, cause: FAILED: SemanticException [Error 10004]: Line 1:59 Invalid table alias or column reference 'ods': (possible column names are: id, dt), errorCode:10004, SQLState:42000)
	at org.apache.hadoop.hive.service.ThriftHive$execute_result$execute_resultStandardScheme.read(ThriftHive.java:1494)
	at org.apache.hadoop.hive.service.ThriftHive$execute_result$execute_resultStandardScheme.read(ThriftHive.java:1480)
	at org.apache.hadoop.hive.service.ThriftHive$execute_result.read(ThriftHive.java:1430)
	at org.apache.thrift.TServiceClient.receiveBase(TServiceClient.java:78)
	at org.apache.hadoop.hive.service.ThriftHive$Client.recv_execute(ThriftHive.java:116)
	at org.apache.hadoop.hive.service.ThriftHive$Client.execute(ThriftHive.java:103)
	at org.apache.hadoop.hive.jdbc.HivePreparedStatement.executeImmediate(HivePreparedStatement.java:176)
	... 10 more
2014-04-22 10:00:50,075 ERROR [pool-1-thread-2] (  Worker.java:97)     - 检查任务失败 
java.lang.NullPointerException
	at com.dajie.datacenter.datacheckjob.job.Executor.exec(Executor.java:108)
	at com.dajie.datacenter.datacheckjob.job.Worker.exec(Worker.java:56)
	at com.dajie.datacenter.datacheckjob.job.Worker.run(Worker.java:92)
	at java.lang.Thread.run(Thread.java:662)
	at java.util.concurrent.ThreadPoolExecutor$Worker.runTask(ThreadPoolExecutor.java:895)
	at java.util.concurrent.ThreadPoolExecutor$Worker.run(ThreadPoolExecutor.java:918)
	at java.lang.Thread.run(Thread.java:662)
2014-04-22 10:00:50,728 INFO  [main] (Schedule.java:54)     - threads running...
2014-04-22 10:00:51,729 INFO  [main] (Schedule.java:54)     - threads running...
2014-04-22 10:00:52,730 INFO  [main] (Schedule.java:54)     - threads running...
2014-04-22 10:00:53,730 INFO  [main] (Schedule.java:54)     - threads running...
2014-04-22 10:00:54,731 INFO  [main] (Schedule.java:54)     - threads running...
2014-04-22 10:00:55,732 INFO  [main] (Schedule.java:54)     - threads running...
2014-04-22 10:00:56,733 INFO  [main] (Schedule.java:54)     - threads running...
2014-04-22 10:00:57,734 INFO  [main] (Schedule.java:54)     - threads running...
2014-04-22 10:00:58,735 INFO  [main] (Schedule.java:54)     - threads running...
2014-04-22 10:00:59,737 INFO  [main] (Schedule.java:54)     - threads running...
2014-04-22 10:01:00,737 INFO  [main] (Schedule.java:54)     - threads running...
2014-04-22 10:01:01,738 INFO  [main] (Schedule.java:54)     - threads running...
2014-04-22 10:01:02,739 INFO  [main] (Schedule.java:54)     - threads running...
2014-04-22 10:01:03,739 INFO  [main] (Schedule.java:54)     - threads running...
2014-04-22 10:01:04,740 INFO  [main] (Schedule.java:54)     - threads running...
2014-04-22 10:01:05,741 INFO  [main] (Schedule.java:54)     - threads running...
2014-04-22 10:01:06,742 INFO  [main] (Schedule.java:54)     - threads running...
2014-04-22 10:01:07,742 INFO  [main] (Schedule.java:54)     - threads running...
2014-04-22 10:01:08,743 INFO  [main] (Schedule.java:54)     - threads running...
2014-04-22 10:01:09,744 INFO  [main] (Schedule.java:54)     - threads running...
2014-04-22 10:01:10,745 INFO  [main] (Schedule.java:54)     - threads running...
2014-04-22 10:01:11,745 INFO  [main] (Schedule.java:54)     - threads running...
2014-04-22 10:01:12,746 INFO  [main] (Schedule.java:54)     - threads running...
2014-04-22 10:01:13,747 INFO  [main] (Schedule.java:54)     - threads running...
2014-04-22 10:01:14,747 INFO  [main] (Schedule.java:54)     - threads running...
2014-04-22 10:01:14,968 INFO  [pool-1-thread-1] (EmailHandler.java:37)     - send email about check result.
2014-04-22 10:01:14,968 INFO  [pool-1-thread-1] (MessageHandler.java:32)     - sent message about check result.
2014-04-22 10:01:14,969 INFO  [pool-1-thread-1] (  Worker.java:85)     - worker complete
2014-04-22 10:01:14,969 INFO  [main] (CheckJob.java:17)     - done
2014-04-23 10:00:33,394 INFO  [main] (Schedule.java:27)     - init schedule
2014-04-23 10:00:33,946 INFO  [main] (ItemReader.java:33)     - exec host ip: localhost
2014-04-23 10:00:33,980 INFO  [main] (Schedule.java:37)     - start schedule
2014-04-23 10:00:33,989 INFO  [main] (  Worker.java:35)     - init worker on item 1  to check table:'ods.odsdual', column:'id' with rule 1
2014-04-23 10:00:34,031 INFO  [pool-1-thread-1] (  Worker.java:48)     - worker parse
2014-04-23 10:00:34,036 INFO  [pool-1-thread-1] (  Parser.java:38)     - parse rule and item to hive sql
2014-04-23 10:00:34,038 INFO  [pool-1-thread-1] (  Parser.java:103)     - select count(1),alias0.id from ods.odsdual alias0 where dt='$d' group by alias0.id having count(1)>1
2014-04-23 10:00:34,039 INFO  [pool-1-thread-1] (  Parser.java:140)     - hiveQL: select count(1),alias0.id from ods.odsdual alias0 where dt='2014-04-21' group by alias0.id having count(1)>1 limit 100
2014-04-23 10:00:34,039 INFO  [pool-1-thread-1] (  Worker.java:54)     - worker exec
2014-04-23 10:00:34,040 INFO  [pool-1-thread-1] (Executor.java:67)     - exec hive sql ..
2014-04-23 10:00:35,032 INFO  [main] (Schedule.java:54)     - threads running...
2014-04-23 10:00:36,032 INFO  [main] (Schedule.java:54)     - threads running...
2014-04-23 10:00:37,033 INFO  [main] (Schedule.java:54)     - threads running...
2014-04-23 10:00:38,034 INFO  [main] (Schedule.java:54)     - threads running...
2014-04-23 10:00:39,034 INFO  [main] (Schedule.java:54)     - threads running...
2014-04-23 10:00:40,035 INFO  [main] (Schedule.java:54)     - threads running...
2014-04-23 10:00:41,039 INFO  [main] (Schedule.java:54)     - threads running...
2014-04-23 10:00:42,039 INFO  [main] (Schedule.java:54)     - threads running...
2014-04-23 10:00:43,040 INFO  [main] (Schedule.java:54)     - threads running...
2014-04-23 10:00:44,040 INFO  [main] (Schedule.java:54)     - threads running...
2014-04-23 10:00:45,041 INFO  [main] (Schedule.java:54)     - threads running...
2014-04-23 10:00:46,042 INFO  [main] (Schedule.java:54)     - threads running...
2014-04-23 10:00:47,042 INFO  [main] (Schedule.java:54)     - threads running...
2014-04-23 10:00:48,043 INFO  [main] (Schedule.java:54)     - threads running...
2014-04-23 10:00:49,043 INFO  [main] (Schedule.java:54)     - threads running...
2014-04-23 10:00:50,044 INFO  [main] (Schedule.java:54)     - threads running...
2014-04-23 10:00:51,044 INFO  [main] (Schedule.java:54)     - threads running...
2014-04-23 10:00:52,045 INFO  [main] (Schedule.java:54)     - threads running...
2014-04-23 10:00:53,046 INFO  [main] (Schedule.java:54)     - threads running...
2014-04-23 10:00:54,047 INFO  [main] (Schedule.java:54)     - threads running...
2014-04-23 10:00:55,047 INFO  [main] (Schedule.java:54)     - threads running...
2014-04-23 10:00:56,048 INFO  [main] (Schedule.java:54)     - threads running...
2014-04-23 10:00:57,049 INFO  [main] (Schedule.java:54)     - threads running...
2014-04-23 10:00:58,049 INFO  [main] (Schedule.java:54)     - threads running...
2014-04-23 10:00:59,050 INFO  [main] (Schedule.java:54)     - threads running...
2014-04-23 10:01:00,051 INFO  [main] (Schedule.java:54)     - threads running...
2014-04-23 10:01:00,542 INFO  [pool-1-thread-1] (EmailHandler.java:37)     - send email about check result.
2014-04-23 10:01:01,051 INFO  [main] (Schedule.java:54)     - threads running...
2014-04-23 10:01:01,261 INFO  [pool-1-thread-1] (MessageHandler.java:32)     - sent message about check result.
2014-04-23 10:01:01,358 INFO  [pool-1-thread-1] (AbstractApplicationContext.java:456)     - Refreshing org.springframework.context.support.ClassPathXmlApplicationContext@50269997: startup date [Wed Apr 23 10:01:01 CST 2014]; root of context hierarchy
2014-04-23 10:01:01,461 INFO  [pool-1-thread-1] (XmlBeanDefinitionReader.java:315)     - Loading XML bean definitions from class path resource [dubbo_config/common.xml]
2014-04-23 10:01:01,811 INFO  [pool-1-thread-1] (            ?:?)     - using logger: com.alibaba.dubbo.common.logger.log4j.Log4jLoggerAdapter
2014-04-23 10:01:01,851 INFO  [pool-1-thread-1] (XmlBeanDefinitionReader.java:315)     - Loading XML bean definitions from class path resource [dubbo_config/common_consumer.xml]
2014-04-23 10:01:01,961 INFO  [pool-1-thread-1] (XmlBeanDefinitionReader.java:315)     - Loading XML bean definitions from class path resource [dubbo_config/sms-consumer.xml]
2014-04-23 10:01:02,052 INFO  [main] (Schedule.java:54)     - threads running...
2014-04-23 10:01:02,099 INFO  [pool-1-thread-1] (XmlBeanDefinitionReader.java:315)     - Loading XML bean definitions from URL [jar:file:/home/pcsmaster/yxl/datacheckJob-0.1/lib/dj-data-dcheck-0.0.1-SNAPSHOT.jar!/dubbo_config/dj-data-dcheck-app.xml]
2014-04-23 10:01:02,391 INFO  [pool-1-thread-1] (ZooKeeperClient.java:59)     - begin to connect to zk-assets01.bjyz.dajie-inc.com:2181,zk-assets02.bjyz.dajie-inc.com:2181,zk-assets03.bjyz.dajie-inc.com:2181,zk-assets04.bjyz.dajie-inc.com:2181,zk-assets05.bjyz.dajie-inc.com:2181.
2014-04-23 10:01:02,406 INFO  [pool-1-thread-1] (Environment.java:98)     - Client environment:zookeeper.version=3.4.0-1202560, built on 11/16/2011 07:18 GMT
2014-04-23 10:01:02,407 INFO  [pool-1-thread-1] (Environment.java:98)     - Client environment:host.name=64-187.bjyz.dajie-inc.com
2014-04-23 10:01:02,408 INFO  [pool-1-thread-1] (Environment.java:98)     - Client environment:java.version=1.6.0_43
2014-04-23 10:01:02,408 INFO  [pool-1-thread-1] (Environment.java:98)     - Client environment:java.vendor=Sun Microsystems Inc.
2014-04-23 10:01:02,408 INFO  [pool-1-thread-1] (Environment.java:98)     - Client environment:java.home=/ROOT/server/jdk/jre
2014-04-23 10:01:02,409 INFO  [pool-1-thread-1] (Environment.java:98)     - Client environment:java.class.path=/home/pcsmaster/yxl/datacheckJob-0.1/lib/activation-1.1.1.jar:/home/pcsmaster/yxl/datacheckJob-0.1/lib/aopalliance-1.0.jar:/home/pcsmaster/yxl/datacheckJob-0.1/lib/asm-3.2.jar:/home/pcsmaster/yxl/datacheckJob-0.1/lib/aspectjrt-1.7.2.jar:/home/pcsmaster/yxl/datacheckJob-0.1/lib/aspectjweaver-1.7.2.jar:/home/pcsmaster/yxl/datacheckJob-0.1/lib/cglib-2.2.2.jar:/home/pcsmaster/yxl/datacheckJob-0.1/lib/commons-beanutils-1.8.3.jar:/home/pcsmaster/yxl/datacheckJob-0.1/lib/commons-collections-3.2.1.jar:/home/pcsmaster/yxl/datacheckJob-0.1/lib/commons-email-1.1.jar:/home/pcsmaster/yxl/datacheckJob-0.1/lib/commons-lang-2.6.jar:/home/pcsmaster/yxl/datacheckJob-0.1/lib/commons-logging-1.1.1.jar:/home/pcsmaster/yxl/datacheckJob-0.1/lib/commons-logging-api-1.0.4.jar:/home/pcsmaster/yxl/datacheckJob-0.1/lib/dj-common-config-3.0.02.jar:/home/pcsmaster/yxl/datacheckJob-0.1/lib/dj-common-dubbo-2.0.2.jar:/home/pcsmaster/yxl/datacheckJob-0.1/lib/dj-common-util-1.4.2.jar:/home/pcsmaster/yxl/datacheckJob-0.1/lib/dj-common-zookeeper-1.0.2.jar:/home/pcsmaster/yxl/datacheckJob-0.1/lib/dj-data-dcheck-0.0.1-SNAPSHOT.jar:/home/pcsmaster/yxl/datacheckJob-0.1/lib/dj-framework-config-client-1.2.03.jar:/home/pcsmaster/yxl/datacheckJob-0.1/lib/dj-sms-api-1.0.4.jar:/home/pcsmaster/yxl/datacheckJob-0.1/lib/dj-sms-client-1.0.4.jar:/home/pcsmaster/yxl/datacheckJob-0.1/lib/dom4j-1.6.1.jar:/home/pcsmaster/yxl/datacheckJob-0.1/lib/dubbo-2.5.3.jar:/home/pcsmaster/yxl/datacheckJob-0.1/lib/dubbo_config.jar:/home/pcsmaster/yxl/datacheckJob-0.1/lib/ezmorph-1.0.6.jar:/home/pcsmaster/yxl/datacheckJob-0.1/lib/fastjson-1.1.35.jar:/home/pcsmaster/yxl/datacheckJob-0.1/lib/hadoop-common-2.2.0.jar:/home/pcsmaster/yxl/datacheckJob-0.1/lib/hamcrest-core-1.1.jar:/home/pcsmaster/yxl/datacheckJob-0.1/lib/hive-exec-0.12.0.jar:/home/pcsmaster/yxl/datacheckJob-0.1/lib/hive-jdbc-0.12.0.jar:/home/pcsmaster/yxl/datacheckJob-0.1/lib/hive-metastore-0.12.0.jar:/home/pcsmaster/yxl/datacheckJob-0.1/lib/hive-service-0.12.0.jar:/home/pcsmaster/yxl/datacheckJob-0.1/lib/javassist-3.15.0-GA.jar:/home/pcsmaster/yxl/datacheckJob-0.1/lib/jcl-over-slf4j-1.7.2.jar:/home/pcsmaster/yxl/datacheckJob-0.1/lib/jline-0.9.94.jar:/home/pcsmaster/yxl/datacheckJob-0.1/lib/JSONObject-2.3.jar:/home/pcsmaster/yxl/datacheckJob-0.1/lib/junit-4.10.jar:/home/pcsmaster/yxl/datacheckJob-0.1/lib/libfb303-0.9.0.jar:/home/pcsmaster/yxl/datacheckJob-0.1/lib/log4j-1.2.17.jar:/home/pcsmaster/yxl/datacheckJob-0.1/lib/mail-1.4.5.jar:/home/pcsmaster/yxl/datacheckJob-0.1/lib/mysql-connector-java-5.1.27-bin.jar:/home/pcsmaster/yxl/datacheckJob-0.1/lib/netty-3.2.5.Final.jar:/home/pcsmaster/yxl/datacheckJob-0.1/lib/slf4j-api-1.7.2.jar:/home/pcsmaster/yxl/datacheckJob-0.1/lib/slf4j-log4j12-1.7.2.jar:/home/pcsmaster/yxl/datacheckJob-0.1/lib/spring-aop-3.0.5.RELEASE.jar:/home/pcsmaster/yxl/datacheckJob-0.1/lib/spring-asm-3.0.5.RELEASE.jar:/home/pcsmaster/yxl/datacheckJob-0.1/lib/spring-beans-3.0.5.RELEASE.jar:/home/pcsmaster/yxl/datacheckJob-0.1/lib/spring-context-3.0.5.RELEASE.jar:/home/pcsmaster/yxl/datacheckJob-0.1/lib/spring-core-3.0.5.RELEASE.jar:/home/pcsmaster/yxl/datacheckJob-0.1/lib/spring-expression-3.0.5.RELEASE.jar:/home/pcsmaster/yxl/datacheckJob-0.1/lib/xml-apis-1.0.b2.jar:/home/pcsmaster/yxl/datacheckJob-0.1/lib/zkclient-0.1.jar:/home/pcsmaster/yxl/datacheckJob-0.1/lib/zookeeper-3.4.0.jar:
2014-04-23 10:01:02,409 INFO  [pool-1-thread-1] (Environment.java:98)     - Client environment:java.library.path=/ROOT/server/jdk/jre/lib/amd64/server:/ROOT/server/jdk/jre/lib/amd64:/ROOT/server/jdk/jre/../lib/amd64:/usr/local/lib:/ROOT/server/jdk/jre/lib/amd64:/ROOT/server/mysql/lib/mysql/:/usr/local/lib/python2.5:/usr/java/packages/lib/amd64:/usr/lib64:/lib64:/lib:/usr/lib
2014-04-23 10:01:02,410 INFO  [pool-1-thread-1] (Environment.java:98)     - Client environment:java.io.tmpdir=/tmp
2014-04-23 10:01:02,410 INFO  [pool-1-thread-1] (Environment.java:98)     - Client environment:java.compiler=<NA>
2014-04-23 10:01:02,411 INFO  [pool-1-thread-1] (Environment.java:98)     - Client environment:os.name=Linux
2014-04-23 10:01:02,411 INFO  [pool-1-thread-1] (Environment.java:98)     - Client environment:os.arch=amd64
2014-04-23 10:01:02,412 INFO  [pool-1-thread-1] (Environment.java:98)     - Client environment:os.version=2.6.32-358.2.1.el6.x86_64
2014-04-23 10:01:02,412 INFO  [pool-1-thread-1] (Environment.java:98)     - Client environment:user.name=pcsmaster
2014-04-23 10:01:02,413 INFO  [pool-1-thread-1] (Environment.java:98)     - Client environment:user.home=/home/pcsmaster
2014-04-23 10:01:02,413 INFO  [pool-1-thread-1] (Environment.java:98)     - Client environment:user.dir=/home/pcsmaster/dwetl/bin
2014-04-23 10:01:02,415 INFO  [pool-1-thread-1] (ZooKeeper.java:433)     - Initiating client connection, connectString=zk-assets01.bjyz.dajie-inc.com:2181,zk-assets02.bjyz.dajie-inc.com:2181,zk-assets03.bjyz.dajie-inc.com:2181,zk-assets04.bjyz.dajie-inc.com:2181,zk-assets05.bjyz.dajie-inc.com:2181 sessionTimeout=1800000 watcher=com.dajie.common.zookeeper.ZooKeeperClient@9d686c1
2014-04-23 10:01:02,475 INFO  [pool-1-thread-1-SendThread()] (ClientCnxn.java:933)     - Opening socket connection to server /10.10.65.157:2181
2014-04-23 10:01:02,487 INFO  [pool-1-thread-1-SendThread(65-157.bjyz.dajie-inc.com:2181)] (ClientCnxn.java:846)     - Socket connection established to 65-157.bjyz.dajie-inc.com/10.10.65.157:2181, initiating session
2014-04-23 10:01:02,501 INFO  [pool-1-thread-1-SendThread(65-157.bjyz.dajie-inc.com:2181)] (ClientCnxn.java:1181)     - Session establishment complete on server 65-157.bjyz.dajie-inc.com/10.10.65.157:2181, sessionid = 0x5448c4026a90295, negotiated timeout = 600000
2014-04-23 10:01:02,505 INFO  [pool-1-thread-1] (ZooKeeperClient.java:72)     - success to connect to zk-assets01.bjyz.dajie-inc.com:2181,zk-assets02.bjyz.dajie-inc.com:2181,zk-assets03.bjyz.dajie-inc.com:2181,zk-assets04.bjyz.dajie-inc.com:2181,zk-assets05.bjyz.dajie-inc.com:2181, cost 117ms.
2014-04-23 10:01:02,507 INFO  [pool-1-thread-1] (HostUtils.java:27)     - success to get network interface java.net.NetworkInterface$1@d522de2.
2014-04-23 10:01:02,508 INFO  [pool-1-thread-1] (HostUtils.java:30)     - success to load inet address /10.10.64.187 from name:em1 (em1).
2014-04-23 10:01:02,509 INFO  [pool-1-thread-1] (HostUtils.java:33)     - success to load ip : 10.10.64.187.
2014-04-23 10:01:02,509 INFO  [pool-1-thread-1] (HostUtils.java:30)     - success to load inet address /127.0.0.1 from name:lo (lo).
2014-04-23 10:01:02,510 INFO  [pool-1-thread-1] (HostUtils.java:33)     - success to load ip : 127.0.0.1.
2014-04-23 10:01:02,510 INFO  [pool-1-thread-1] (HostUtils.java:60)     - success to select ip 10.10.64.187 from [10.10.64.187, 127.0.0.1].
2014-04-23 10:01:02,511 INFO  [pool-1-thread-1] (DefaultConfigManager.java:52)     - success to get local ip : 10.10.64.187.
2014-04-23 10:01:02,628 INFO  [pool-1-thread-1] (DefaultConfigManager.java:54)     - success to load ip environment map, result is {PRE_RELEASE=[10.10.64.105, 10.10.64.205], TEST=[172.20.10.*], PRODUCT=[10.10.64.*, 10.10.65.*, 211.151.*.*], DEV=[192.168.*.*, 10.10.64.143, 10.0.*.*]}.
2014-04-23 10:01:02,632 INFO  [pool-1-thread-1] (IpBasedEnvironmentSolver.java:87)     - the score for 10.10.64.187 is 6 using [192.168.*.*, 10.10.64.143, 10.0.*.*].
2014-04-23 10:01:02,633 INFO  [pool-1-thread-1] (IpBasedEnvironmentSolver.java:87)     - the score for 10.10.64.187 is 7 using [10.10.64.*, 10.10.65.*, 211.151.*.*].
2014-04-23 10:01:02,634 INFO  [pool-1-thread-1] (IpBasedEnvironmentSolver.java:87)     - the score for 10.10.64.187 is 6 using [10.10.64.105, 10.10.64.205].
2014-04-23 10:01:02,635 INFO  [pool-1-thread-1] (IpBasedEnvironmentSolver.java:87)     - the score for 10.10.64.187 is 1 using [172.20.10.*].
2014-04-23 10:01:02,636 INFO  [pool-1-thread-1] (IpBasedEnvironmentSolver.java:66)     - the environment is PRODUCT for ip 10.10.64.187.
2014-04-23 10:01:02,637 INFO  [pool-1-thread-1] (DefaultConfigManager.java:61)     - success to find environment, result is PRODUCT.
2014-04-23 10:01:02,661 INFO  [pool-1-thread-1] (AbstractConfigNode.java:118)     - add data change listener com.dajie.framework.config.impl.ZKBasedConfig$ReloadDataListener@4c538974.
2014-04-23 10:01:02,663 INFO  [pool-1-thread-1] (ConfigClient.java:108)     - success to add listener com.dajie.framework.config.impl.ZKBasedConfig$ReloadDataListener@4c538974 for /common_config/domains/product/watch.
2014-04-23 10:01:02,668 INFO  [pool-1-thread-1] (ZKBasedConfig.java:57)     - success to load data from zk node, keys is [domains.wei, domains.mobile, domains.root, domains.job, domains.head.server, domains.fast.server, domains.blog, domains.file.server, domains.www, domains.campus, domains.resume, domains.ox, domains.app, domains.sae, domains.profile, domains.album, domains.feed, domains.search, domains.corp, domains.club, domains.intern, domains.campusapp, domains.tinyurl, domains.ask].
2014-04-23 10:01:02,669 INFO  [pool-1-thread-1] (ZKBasedConfig.java:79)     - success to update config data, new data keys is [domains.head.server, domains.root, domains.file.server, domains.campus, domains.www, domains.ox, domains.app, domains.sae, domains.profile, domains.feed, domains.corp, domains.campusapp, domains.tinyurl, domains.mobile, domains.wei, domains.job, domains.fast.server, domains.blog, domains.resume, domains.album, domains.search, domains.intern, domains.club, domains.ask].
2014-04-23 10:01:02,754 INFO  [pool-1-thread-1] (AbstractConfigNode.java:118)     - add data change listener com.dajie.framework.config.impl.ZKBasedConfig$ReloadDataListener@23b17d49.
2014-04-23 10:01:02,755 INFO  [pool-1-thread-1] (ConfigClient.java:108)     - success to add listener com.dajie.framework.config.impl.ZKBasedConfig$ReloadDataListener@23b17d49 for /common_config/appconfigs/product/watch.
2014-04-23 10:01:02,760 INFO  [pool-1-thread-1] (ZKBasedConfig.java:57)     - success to load data from zk node, keys is [redis_client_pool_max_active, memcache.www.mass, rabbit.password, assets.version, weiboc.job.url.prefix, deploy.env, infra_user_upper_limit, assets.major.version, escape_exclude_dir, rabbit.host, dev.mode, memcache.identify, redis_client_pool_max_wait, memcache.custom, dajie_environment, tt.Tupu, weiboc.www.url.prefix, memcache.resume, tt.CardTagCache, queue.kestrel, redis_server_host, memcache.server, memcache.card, domains.ats, cache, default.dubbo.registry.address, memcache.job, weiboc.club.url.prefix, feed.filter, rabbit.username, tt.SinaCache, feed.run.context, memcache.campus, rabbit.virtualHost, redis_server_port, tt.Renren, tt.SnsRecommend, redis_client_pool_max_idle, user_stat_redis_server_host, weiboc.url.prefix, redis_client_pool_min_idle, infra_user_pending_limit, search.url, feed.ver, assets.zookeeper.server, user_stat_redis_server_port].
2014-04-23 10:01:02,761 INFO  [pool-1-thread-1] (ZKBasedConfig.java:79)     - success to update config data, new data keys is [redis_client_pool_max_active, memcache.www.mass, rabbit.password, assets.version, deploy.env, weiboc.job.url.prefix, infra_user_upper_limit, assets.major.version, rabbit.host, escape_exclude_dir, dev.mode, memcache.identify, redis_client_pool_max_wait, memcache.custom, dajie_environment, tt.Tupu, weiboc.www.url.prefix, memcache.resume, tt.CardTagCache, redis_server_host, queue.kestrel, memcache.server, memcache.card, domains.ats, default.dubbo.registry.address, cache, memcache.job, weiboc.club.url.prefix, feed.filter, rabbit.username, tt.SinaCache, feed.run.context, memcache.campus, tt.Renren, redis_server_port, rabbit.virtualHost, redis_client_pool_max_idle, tt.SnsRecommend, user_stat_redis_server_host, infra_user_pending_limit, redis_client_pool_min_idle, weiboc.url.prefix, search.url, feed.ver, user_stat_redis_server_port, assets.zookeeper.server].
2014-04-23 10:01:02,772 INFO  [pool-1-thread-1] (ClassesPropertiesLoader.java:32)     - load properties from class path.
2014-04-23 10:01:02,773 INFO  [pool-1-thread-1] (ClassesPropertiesLoader.java:35)     - scan /home/pcsmaster/dwetl/bin for properties file.
2014-04-23 10:01:02,775 INFO  [pool-1-thread-1] (ConfigurationManager.java:193)     - load from class path.
2014-04-23 10:01:02,776 INFO  [pool-1-thread-1] (ConfigurationManager.java:202)     - init class path configuration success, key size:0.
2014-04-23 10:01:02,776 INFO  [pool-1-thread-1] (ConfigurationManager.java:206)     - init class path configuration.
2014-04-23 10:01:02,777 INFO  [pool-1-thread-1] (ConfigurationManager.java:218)     - class path configuration have key size:0.
2014-04-23 10:01:02,778 WARN  [pool-1-thread-1] (ConfigurationManager.java:225)     - failed to find {} from properties file, replace using framework config.
2014-04-23 10:01:02,778 INFO  [pool-1-thread-1] (ConfigurationManager.java:229)     - set environment,use config environment:product.
2014-04-23 10:01:02,779 WARN  [pool-1-thread-1] (ConfigurationManager.java:244)     - not config language, use default value:cn.
2014-04-23 10:01:02,779 INFO  [pool-1-thread-1] (JarPropertiesLoader.java:34)     - load configurations from jars , use [com/dajie] to scan the jars.
2014-04-23 10:01:02,783 INFO  [pool-1-thread-1] (JarPropertiesLoader.java:57)     - load configurations from dj-sms-client-1.0.4.jar.
2014-04-23 10:01:02,784 INFO  [pool-1-thread-1] (JarPropertiesLoader.java:45)     - not config file in /home/pcsmaster/yxl/datacheckJob-0.1/lib/dj-sms-client-1.0.4.jar.
2014-04-23 10:01:02,784 INFO  [pool-1-thread-1] (JarPropertiesLoader.java:57)     - load configurations from dj-data-dcheck-0.0.1-SNAPSHOT.jar.
2014-04-23 10:01:02,786 INFO  [pool-1-thread-1] (JarPropertiesLoader.java:45)     - not config file in /home/pcsmaster/yxl/datacheckJob-0.1/lib/dj-data-dcheck-0.0.1-SNAPSHOT.jar.
2014-04-23 10:01:02,786 INFO  [pool-1-thread-1] (JarPropertiesLoader.java:57)     - load configurations from dj-framework-config-client-1.2.03.jar.
2014-04-23 10:01:02,789 INFO  [pool-1-thread-1] (JarPropertiesLoader.java:45)     - not config file in /home/pcsmaster/yxl/datacheckJob-0.1/lib/dj-framework-config-client-1.2.03.jar.
2014-04-23 10:01:02,790 INFO  [pool-1-thread-1] (JarPropertiesLoader.java:57)     - load configurations from dj-common-zookeeper-1.0.2.jar.
2014-04-23 10:01:02,792 INFO  [pool-1-thread-1] (JarPropertiesLoader.java:45)     - not config file in /home/pcsmaster/yxl/datacheckJob-0.1/lib/dj-common-zookeeper-1.0.2.jar.
2014-04-23 10:01:02,792 INFO  [pool-1-thread-1] (JarPropertiesLoader.java:57)     - load configurations from dj-common-util-1.4.2.jar.
2014-04-23 10:01:02,799 INFO  [pool-1-thread-1] (JarPropertiesLoader.java:45)     - not config file in /home/pcsmaster/yxl/datacheckJob-0.1/lib/dj-common-util-1.4.2.jar.
2014-04-23 10:01:02,800 INFO  [pool-1-thread-1] (JarPropertiesLoader.java:57)     - load configurations from dj-common-dubbo-2.0.2.jar.
2014-04-23 10:01:02,806 INFO  [pool-1-thread-1] (JarPropertiesLoader.java:68)     - load configurations from dj-common-dubbo-2.0.2.jar!/config/dajie_dubbo_config_cn_product.properties, config:Configuration ::
[default.dubbo.registry.address=Zookeeper01:2181,Zookeeper02:2181,Zookeeper03:2181,zookeeper04:2181,zookeeper05:2181]
[default.dubbo.container=log4j,spring]
[default.dubbo.monitor.protocol=registry]
[default.dubbo.log4j.level=WARN]

2014-04-23 10:01:02,807 INFO  [pool-1-thread-1] (JarPropertiesLoader.java:42)     - load configurations from /home/pcsmaster/yxl/datacheckJob-0.1/lib/dj-common-dubbo-2.0.2.jar , configs [[Configuration ::
[default.dubbo.registry.address=Zookeeper01:2181,Zookeeper02:2181,Zookeeper03:2181,zookeeper04:2181,zookeeper05:2181]
[default.dubbo.container=log4j,spring]
[default.dubbo.monitor.protocol=registry]
[default.dubbo.log4j.level=WARN]
]].
2014-04-23 10:01:02,808 INFO  [pool-1-thread-1] (JarPropertiesLoader.java:57)     - load configurations from dj-sms-api-1.0.4.jar.
2014-04-23 10:01:02,809 INFO  [pool-1-thread-1] (JarPropertiesLoader.java:45)     - not config file in /home/pcsmaster/yxl/datacheckJob-0.1/lib/dj-sms-api-1.0.4.jar.
2014-04-23 10:01:02,809 INFO  [pool-1-thread-1] (JarPropertiesLoader.java:57)     - load configurations from dj-common-config-3.0.02.jar.
2014-04-23 10:01:02,812 INFO  [pool-1-thread-1] (JarPropertiesLoader.java:68)     - load configurations from dj-common-config-3.0.02.jar!/config/dajie_common_config_cn_product.properties, config:Configuration ::
[domains.head.server=head00.dajieimg.com]
[domains.root=dajie.com]
[memcache.www.mass=MC01:11214]
[domains.file.server=fs1.dajie.com]
[weiboc.job.url.prefix=http://apps.weibo.com/djcareer/job/c]
[domains.www=www.dajie.com]
[domains.campus=campus.dajie.com]
[domains.ox=ox.dajie.com]
[domains.app=app.dajie.com]
[dev.mode=0]
[domains.profile=u.dajie.com]
[domains.feed=http://app.dajie.com/api/feed/]
[memcache.identify=MC01:11211]
[domains.corp=hr.dajie.com]
[memcache.custom=MC02:11216]
[weiboc.www.url.prefix=http://apps.weibo.com/djcareer/www/c]
[memcache.resume=MC01:11213]
[domains.tinyurl=dajie.me]
[queue.kestrel=KQUEUE:22133]
[memcache.server=MC01:11214]
[domains.mobile=m.dajie.com]
[domains.wei=sapp.dajie.com]
[domains.job=job.dajie.com]
[memcache.card=MC01:11212]
[domains.fast.server=f.dajieimg.com]
[domains.blog=blog.dajie.com]
[domains.resume=cv.dajie.com]
[memcache.job=MC02:11217]
[weiboc.club.url.prefix=http://apps.weibo.com/djcareer/company/c]
[domains.album=album.dajie.com]
[tt.SinaCache=tt.SinaCache:9099]
[domains.search=search.dajie.com]
[domains.static=static.dajieimg.com]
[memcache.campus=MC02:11218]
[domains.intern=intern.dajie.com]
[domains.club=company.dajie.com]
[weiboc.url.prefix=http://apps.weibo.com/djcareer]
[search.url=http://search.dajie.com/]
[domains.ask=ask.dajie.com]
[assets.zookeeper.server=zk-assets01.bjyz.dajie-inc.com:2181,zk-assets02.bjyz.dajie-inc.com:2181,zk-assets03.bjyz.dajie-inc.com:2181]
[domains.assets=assets.dajieimg.com]

2014-04-23 10:01:02,813 INFO  [pool-1-thread-1] (JarPropertiesLoader.java:42)     - load configurations from /home/pcsmaster/yxl/datacheckJob-0.1/lib/dj-common-config-3.0.02.jar , configs [[Configuration ::
[domains.head.server=head00.dajieimg.com]
[domains.root=dajie.com]
[memcache.www.mass=MC01:11214]
[domains.file.server=fs1.dajie.com]
[weiboc.job.url.prefix=http://apps.weibo.com/djcareer/job/c]
[domains.www=www.dajie.com]
[domains.campus=campus.dajie.com]
[domains.ox=ox.dajie.com]
[domains.app=app.dajie.com]
[dev.mode=0]
[domains.profile=u.dajie.com]
[domains.feed=http://app.dajie.com/api/feed/]
[memcache.identify=MC01:11211]
[domains.corp=hr.dajie.com]
[memcache.custom=MC02:11216]
[weiboc.www.url.prefix=http://apps.weibo.com/djcareer/www/c]
[memcache.resume=MC01:11213]
[domains.tinyurl=dajie.me]
[queue.kestrel=KQUEUE:22133]
[memcache.server=MC01:11214]
[domains.mobile=m.dajie.com]
[domains.wei=sapp.dajie.com]
[domains.job=job.dajie.com]
[memcache.card=MC01:11212]
[domains.fast.server=f.dajieimg.com]
[domains.blog=blog.dajie.com]
[domains.resume=cv.dajie.com]
[memcache.job=MC02:11217]
[weiboc.club.url.prefix=http://apps.weibo.com/djcareer/company/c]
[domains.album=album.dajie.com]
[tt.SinaCache=tt.SinaCache:9099]
[domains.search=search.dajie.com]
[domains.static=static.dajieimg.com]
[memcache.campus=MC02:11218]
[domains.intern=intern.dajie.com]
[domains.club=company.dajie.com]
[weiboc.url.prefix=http://apps.weibo.com/djcareer]
[search.url=http://search.dajie.com/]
[domains.ask=ask.dajie.com]
[assets.zookeeper.server=zk-assets01.bjyz.dajie-inc.com:2181,zk-assets02.bjyz.dajie-inc.com:2181,zk-assets03.bjyz.dajie-inc.com:2181]
[domains.assets=assets.dajieimg.com]
]].
2014-04-23 10:01:02,814 INFO  [pool-1-thread-1] (ConfigurationManager.java:251)     - from jar load file size:2.
2014-04-23 10:01:02,814 INFO  [pool-1-thread-1] (ConfigurationManager.java:270)     - init jar configuration success, key size:2.
2014-04-23 10:01:02,815 INFO  [pool-1-thread-1] (ConfigurationManager.java:274)     - init global configuration.
2014-04-23 10:01:02,815 INFO  [pool-1-thread-1] (ConfigurationManager.java:277)     - class path have key size:0.
2014-04-23 10:01:02,816 INFO  [pool-1-thread-1] (ConfigurationManager.java:278)     - jar have file size:2.
2014-04-23 10:01:02,817 INFO  [pool-1-thread-1] (ConfigurationManager.java:280)     - after merge have key size:45.
2014-04-23 10:01:02,820 INFO  [pool-1-thread-1] (OverrideConfig.java:191)     - override key assets.major.version, value is 3.
2014-04-23 10:01:02,820 INFO  [pool-1-thread-1] (OverrideConfig.java:194)     - add key deploy.group, value is datacheckJob.
2014-04-23 10:01:02,821 INFO  [pool-1-thread-1] (OverrideConfig.java:194)     - add key app_name, value is datacheckJob.
2014-04-23 10:01:02,821 INFO  [pool-1-thread-1] (OverrideConfig.java:191)     - override key domains.app, value is @domains.app@.
2014-04-23 10:01:02,841 INFO  [pool-1-thread-1] (ResolveConfig.java:33)     - set resolve config file dubbo-resolve.properties.
2014-04-23 10:01:02,842 INFO  [pool-1-thread-1] (ClassesPropertiesLoader.java:32)     - load properties from class path.
2014-04-23 10:01:02,843 INFO  [pool-1-thread-1] (ClassesPropertiesLoader.java:35)     - scan /home/pcsmaster/dwetl/bin for properties file.
2014-04-23 10:01:02,844 INFO  [pool-1-thread-1] (ResolveConfig.java:41)     - load resolve config {} from dubbo-resolve.properties.
2014-04-23 10:01:02,859 INFO  [pool-1-thread-1] (HostBasedEnvironmentSolver.java:22)     - server host name is 64-187.bjyz.dajie-inc.com.
2014-04-23 10:01:02,889 INFO  [pool-1-thread-1] (ConfigUpdateBeanFactoryPostProcessor.java:48)     - prepare to update bean definition for common-registry : Root bean: class [com.alibaba.dubbo.config.RegistryConfig]; scope=; abstract=false; lazyInit=false; autowireMode=0; dependencyCheck=0; autowireCandidate=true; primary=false; factoryBeanName=null; factoryMethodName=null; initMethodName=null; destroyMethodName=null 
2014-04-23 10:01:02,890 INFO  [pool-1-thread-1] (HostBasedEnvironmentSolver.java:31)     - host is 64-187.bjyz.dajie-inc.com, preproduct servers is [Web-10-32-150, 64-105.bjyz.dajie-inc.com].
2014-04-23 10:01:02,890 INFO  [pool-1-thread-1] (RegistryBeanFactoryPostProcessor.java:69)     -  registry:true, haveResolverConfigUrl:false, isPreProduct:false
2014-04-23 10:01:02,890 INFO  [pool-1-thread-1] (RegistryBeanFactoryPostProcessor.java:35)     - update registry true for Root bean: class [com.alibaba.dubbo.config.RegistryConfig]; scope=; abstract=false; lazyInit=false; autowireMode=0; dependencyCheck=0; autowireCandidate=true; primary=false; factoryBeanName=null; factoryMethodName=null; initMethodName=null; destroyMethodName=null .
2014-04-23 10:01:02,892 INFO  [pool-1-thread-1] (DubboBeanDefineUtil.java:68)     - success to get application name dj-data-dcheck.
2014-04-23 10:01:02,893 INFO  [pool-1-thread-1] (RegistryBeanFactoryPostProcessor.java:53)     - update file /tmp/dj-data-dcheck-2581755079286658055.cache for Root bean: class [com.alibaba.dubbo.config.RegistryConfig]; scope=; abstract=false; lazyInit=false; autowireMode=0; dependencyCheck=0; autowireCandidate=true; primary=false; factoryBeanName=null; factoryMethodName=null; initMethodName=null; destroyMethodName=null.
2014-04-23 10:01:02,893 INFO  [pool-1-thread-1] (ConfigUpdateBeanFactoryPostProcessor.java:48)     - prepare to update bean definition for smsService : Root bean: class [com.alibaba.dubbo.config.spring.ReferenceBean]; scope=; abstract=false; lazyInit=false; autowireMode=0; dependencyCheck=0; autowireCandidate=true; primary=false; factoryBeanName=null; factoryMethodName=null; initMethodName=null; destroyMethodName=null 
2014-04-23 10:01:02,894 INFO  [pool-1-thread-1] (ConfigUpdateBeanFactoryPostProcessor.java:48)     - prepare to update bean definition for smsService : Root bean: class [com.alibaba.dubbo.config.spring.ReferenceBean]; scope=; abstract=false; lazyInit=false; autowireMode=0; dependencyCheck=0; autowireCandidate=true; primary=false; factoryBeanName=null; factoryMethodName=null; initMethodName=null; destroyMethodName=null 
2014-04-23 10:01:02,894 INFO  [pool-1-thread-1] (HostBasedEnvironmentSolver.java:31)     - host is 64-187.bjyz.dajie-inc.com, preproduct servers is [Web-10-32-150, 64-105.bjyz.dajie-inc.com].
2014-04-23 10:01:02,894 INFO  [pool-1-thread-1] (ReferenceBeanFactoryPostProcessor.java:48)     - haveResolverConfigUrl:false, isPreProduct:false
2014-04-23 10:01:02,895 INFO  [pool-1-thread-1] (ReferenceBeanFactoryPostProcessor.java:37)     - set check false to Root bean: class [com.alibaba.dubbo.config.spring.ReferenceBean]; scope=; abstract=false; lazyInit=false; autowireMode=0; dependencyCheck=0; autowireCandidate=true; primary=false; factoryBeanName=null; factoryMethodName=null; initMethodName=null; destroyMethodName=null.
2014-04-23 10:01:02,967 INFO  [pool-1-thread-1] (DefaultListableBeanFactory.java:555)     - Pre-instantiating singletons in org.springframework.beans.factory.support.DefaultListableBeanFactory@6986dda3: defining beans [resolveConfig,dubboPropertyPlaceholderConfigurer,hostBasedEnvironmentSolver,registryBeanFactoryPostProcessor,common-registry,com.alibaba.dubbo.config.MonitorConfig,com.dajie.common.dubbo.resolve.ResolveBeanFactoryPostProcessor#0,com.dajie.common.dubbo.resolve.ReferenceBeanFactoryPostProcessor#0,org.springframework.aop.config.internalAutoProxyCreator,batchCallMethodInterceptor,batchCallMethodPointcutAdvisor,applicationNameBinder,attachmentBindInterceptor,attachmentBindPointcutAdvisor,smsService,dj-data-dcheck]; root of factory hierarchy
2014-04-23 10:01:03,011 INFO  [pool-1-thread-1] (DubboBeanDefineUtil.java:68)     - success to get application name dj-data-dcheck.
2014-04-23 10:01:03,053 INFO  [main] (Schedule.java:54)     - threads running...
2014-04-23 10:01:03,792 INFO  [pool-1-thread-1] (ZooKeeper.java:433)     - Initiating client connection, connectString=Zookeeper01:2181,Zookeeper02:2181,Zookeeper03:2181 sessionTimeout=30000 watcher=org.I0Itec.zkclient.ZkClient@2a509df8
2014-04-23 10:01:03,792 INFO  [ZkClient-EventThread-16-Zookeeper01:2181,Zookeeper02:2181,Zookeeper03:2181] (ZkEventThread.java:64)     - Starting ZkClient event thread.
2014-04-23 10:01:03,800 INFO  [pool-1-thread-1-SendThread()] (ClientCnxn.java:933)     - Opening socket connection to server /10.10.65.13:2181
2014-04-23 10:01:03,805 INFO  [pool-1-thread-1-SendThread(65-13.bjyz.dajie-inc.com:2181)] (ClientCnxn.java:846)     - Socket connection established to 65-13.bjyz.dajie-inc.com/10.10.65.13:2181, initiating session
2014-04-23 10:01:03,810 INFO  [pool-1-thread-1-SendThread(65-13.bjyz.dajie-inc.com:2181)] (ClientCnxn.java:1181)     - Session establishment complete on server 65-13.bjyz.dajie-inc.com/10.10.65.13:2181, sessionid = 0x34429bbe30054e0, negotiated timeout = 60000
2014-04-23 10:01:03,810 INFO  [pool-1-thread-1-EventThread] (ZkClient.java:449)     - zookeeper state changed (SyncConnected)
2014-04-23 10:01:03,881 INFO  [pool-1-thread-1] (AbstractRegistry.java:302)     -  [DUBBO] Register: consumer://10.10.64.187/com.dajie.sms.service.SmsService?application=dj-data-dcheck&category=consumers&check=false&dubbo=2.5.3&interface=com.dajie.sms.service.SmsService&methods=getAllDefaultKeys,mt,sendSMS,reloadTemplate,internalMO&organization=datacenter&owner=data&pid=43882&revision=1.0.4&side=consumer&timestamp=1398218463560, dubbo version: 2.5.3, current host: 10.10.64.187
2014-04-23 10:01:03,910 INFO  [pool-1-thread-1] (AbstractRegistry.java:325)     -  [DUBBO] Subscribe: consumer://10.10.64.187/com.dajie.sms.service.SmsService?application=dj-data-dcheck&category=providers,configurators,routers&check=false&dubbo=2.5.3&interface=com.dajie.sms.service.SmsService&methods=getAllDefaultKeys,mt,sendSMS,reloadTemplate,internalMO&organization=datacenter&owner=data&pid=43882&revision=1.0.4&side=consumer&timestamp=1398218463560, dubbo version: 2.5.3, current host: 10.10.64.187
2014-04-23 10:01:03,964 INFO  [pool-1-thread-1] (AbstractRegistry.java:422)     -  [DUBBO] Notify urls for subscribe url consumer://10.10.64.187/com.dajie.sms.service.SmsService?application=dj-data-dcheck&category=providers,configurators,routers&check=false&dubbo=2.5.3&interface=com.dajie.sms.service.SmsService&methods=getAllDefaultKeys,mt,sendSMS,reloadTemplate,internalMO&organization=datacenter&owner=data&pid=43882&revision=1.0.4&side=consumer&timestamp=1398218463560, urls: [dubbo://10.10.64.10:7010/com.dajie.sms.service.SmsService?anyhost=true&application=dj-sms&dubbo=2.5.3&getAllDefaultKeys.timeout=1000&interface=com.dajie.sms.service.SmsService&internalMO.timeout=1000&loadbalance=roundrobin&methods=getAllDefaultKeys,mt,sendSMS,reloadTemplate,internalMO&mt.retries=0&mt.timeout=3000&owner=hongyong.zhao&pid=107861&reloadTemplate.timeout=1000&revision=1.0.4&sendSMS.retries=0&sendSMS.timeout=3000&side=provider&timeout=5000&timestamp=1398159070964, dubbo://10.10.64.103:7010/com.dajie.sms.service.SmsService?anyhost=true&application=dj-sms&dubbo=2.5.3&getAllDefaultKeys.timeout=1000&interface=com.dajie.sms.service.SmsService&internalMO.timeout=1000&loadbalance=roundrobin&methods=getAllDefaultKeys,mt,sendSMS,reloadTemplate,internalMO&mt.retries=0&mt.timeout=3000&owner=hongyong.zhao&pid=26046&reloadTemplate.timeout=1000&revision=1.0.4&sendSMS.retries=0&sendSMS.timeout=3000&side=provider&timeout=5000&timestamp=1398160217415, empty://10.10.64.187/com.dajie.sms.service.SmsService?application=dj-data-dcheck&category=configurators&check=false&dubbo=2.5.3&interface=com.dajie.sms.service.SmsService&methods=getAllDefaultKeys,mt,sendSMS,reloadTemplate,internalMO&organization=datacenter&owner=data&pid=43882&revision=1.0.4&side=consumer&timestamp=1398218463560, empty://10.10.64.187/com.dajie.sms.service.SmsService?application=dj-data-dcheck&category=routers&check=false&dubbo=2.5.3&interface=com.dajie.sms.service.SmsService&methods=getAllDefaultKeys,mt,sendSMS,reloadTemplate,internalMO&organization=datacenter&owner=data&pid=43882&revision=1.0.4&side=consumer&timestamp=1398218463560], dubbo version: 2.5.3, current host: 10.10.64.187
2014-04-23 10:01:04,054 INFO  [main] (Schedule.java:54)     - threads running...
2014-04-23 10:01:04,212 INFO  [pool-1-thread-1] (AbstractClient.java:287)     -  [DUBBO] Successed connect to server /10.10.64.10:7010 from NettyClient 10.10.64.187 using dubbo version 2.5.3, channel is NettyChannel [channel=[id: 0x5273a5d3, /10.10.64.187:60827 => /10.10.64.10:7010]], dubbo version: 2.5.3, current host: 10.10.64.187
2014-04-23 10:01:04,213 INFO  [pool-1-thread-1] (AbstractClient.java:105)     -  [DUBBO] Start NettyClient 64-187.bjyz.dajie-inc.com/10.10.64.187 connect to the server /10.10.64.10:7010, dubbo version: 2.5.3, current host: 10.10.64.187
2014-04-23 10:01:04,336 INFO  [pool-1-thread-1] (AbstractClient.java:287)     -  [DUBBO] Successed connect to server /10.10.64.103:7010 from NettyClient 10.10.64.187 using dubbo version 2.5.3, channel is NettyChannel [channel=[id: 0x677af46e, /10.10.64.187:59847 => /10.10.64.103:7010]], dubbo version: 2.5.3, current host: 10.10.64.187
2014-04-23 10:01:04,337 INFO  [pool-1-thread-1] (AbstractClient.java:105)     -  [DUBBO] Start NettyClient 64-187.bjyz.dajie-inc.com/10.10.64.187 connect to the server /10.10.64.103:7010, dubbo version: 2.5.3, current host: 10.10.64.187
2014-04-23 10:01:04,352 INFO  [pool-1-thread-1] (ReferenceConfig.java:423)     -  [DUBBO] Refer dubbo service com.dajie.sms.service.SmsService from url zookeeper://Zookeeper01:2181/com.alibaba.dubbo.registry.RegistryService?anyhost=true&application=dj-data-dcheck&check=false&dubbo=2.5.3&getAllDefaultKeys.timeout=1000&interface=com.dajie.sms.service.SmsService&internalMO.timeout=1000&loadbalance=roundrobin&methods=getAllDefaultKeys,mt,sendSMS,reloadTemplate,internalMO&monitor=dubbo%3A%2F%2FZookeeper01%3A2181%2Fcom.alibaba.dubbo.registry.RegistryService%3Fapplication%3Ddj-data-dcheck%26backup%3DZookeeper02%3A2181%2CZookeeper03%3A2181%26dubbo%3D2.5.3%26file%3D%2Ftmp%2Fdj-data-dcheck-2581755079286658055.cache%26organization%3Ddatacenter%26owner%3Ddata%26pid%3D43882%26protocol%3Dregistry%26refer%3Ddubbo%253D2.5.3%2526interface%253Dcom.alibaba.dubbo.monitor.MonitorService%2526pid%253D43882%2526timestamp%253D1398218463668%26register%3Dtrue%26registry%3Dzookeeper%26timestamp%3D1398218463662&mt.retries=0&mt.timeout=3000&organization=datacenter&owner=data&pid=43882&reloadTemplate.timeout=1000&revision=1.0.4&sendSMS.retries=0&sendSMS.timeout=3000&side=consumer&timeout=5000&timestamp=1398218463560, dubbo version: 2.5.3, current host: 10.10.64.187
2014-04-23 10:01:04,770 INFO  [pool-1-thread-1] (AbstractRegistry.java:302)     -  [DUBBO] Register: consumer://10.10.64.187/com.alibaba.dubbo.monitor.MonitorService?category=consumers&check=false&dubbo=2.5.3&interface=com.alibaba.dubbo.monitor.MonitorService&pid=43882&timestamp=1398218463668, dubbo version: 2.5.3, current host: 10.10.64.187
2014-04-23 10:01:04,786 INFO  [pool-1-thread-1] (AbstractRegistry.java:325)     -  [DUBBO] Subscribe: consumer://10.10.64.187/com.alibaba.dubbo.monitor.MonitorService?category=providers,configurators,routers&dubbo=2.5.3&interface=com.alibaba.dubbo.monitor.MonitorService&pid=43882&timestamp=1398218463668, dubbo version: 2.5.3, current host: 10.10.64.187
2014-04-23 10:01:04,823 INFO  [pool-1-thread-1] (AbstractRegistry.java:422)     -  [DUBBO] Notify urls for subscribe url consumer://10.10.64.187/com.alibaba.dubbo.monitor.MonitorService?category=providers,configurators,routers&dubbo=2.5.3&interface=com.alibaba.dubbo.monitor.MonitorService&pid=43882&timestamp=1398218463668, urls: [dubbo://10.10.64.62:7072/com.alibaba.dubbo.monitor.MonitorService?anyhost=true&application=simple-monitor&delay=-1&dubbo=2.5.3&interface=com.alibaba.dubbo.monitor.MonitorService&methods=lookup,collect&pid=21065&revision=2.5.3&side=provider&timestamp=1388996309797, override://0.0.0.0/com.alibaba.dubbo.monitor.MonitorService?category=configurators&dynamic=false&interval=300000, empty://10.10.64.187/com.alibaba.dubbo.monitor.MonitorService?category=routers&dubbo=2.5.3&interface=com.alibaba.dubbo.monitor.MonitorService&pid=43882&timestamp=1398218463668], dubbo version: 2.5.3, current host: 10.10.64.187
2014-04-23 10:01:04,828 INFO  [pool-1-thread-1] (AbstractClient.java:287)     -  [DUBBO] Successed connect to server /10.10.64.62:7072 from NettyClient 10.10.64.187 using dubbo version 2.5.3, channel is NettyChannel [channel=[id: 0x546e3e5e, /10.10.64.187:44927 => /10.10.64.62:7072]], dubbo version: 2.5.3, current host: 10.10.64.187
2014-04-23 10:01:04,829 INFO  [pool-1-thread-1] (AbstractClient.java:105)     -  [DUBBO] Start NettyClient 64-187.bjyz.dajie-inc.com/10.10.64.187 connect to the server /10.10.64.62:7072, dubbo version: 2.5.3, current host: 10.10.64.187
2014-04-23 10:01:04,847 INFO  [pool-1-thread-1] (MessageHandler.java:102)     - 2774
2014-04-23 10:01:04,848 INFO  [pool-1-thread-1] (  Worker.java:86)     - worker complete
2014-04-23 10:01:04,848 INFO  [main] (CheckJob.java:17)     - done
2014-04-23 10:01:04,850 INFO  [DubboShutdownHook] (AbstractConfig.java:450)     -  [DUBBO] Run shutdown hook now., dubbo version: 2.5.3, current host: 10.10.64.187
2014-04-23 10:01:04,851 INFO  [DubboShutdownHook] (AbstractRegistryFactory.java:63)     -  [DUBBO] Close all registries [zookeeper://Zookeeper01:2181/com.alibaba.dubbo.registry.RegistryService?application=dj-data-dcheck&backup=Zookeeper02:2181,Zookeeper03:2181&dubbo=2.5.3&file=/tmp/dj-data-dcheck-2581755079286658055.cache&interface=com.alibaba.dubbo.registry.RegistryService&organization=datacenter&owner=data&pid=43882&register=true&timestamp=1398218463662], dubbo version: 2.5.3, current host: 10.10.64.187
2014-04-23 10:01:04,852 INFO  [DubboShutdownHook] (AbstractRegistry.java:485)     -  [DUBBO] Destroy registry:zookeeper://Zookeeper01:2181/com.alibaba.dubbo.registry.RegistryService?application=dj-data-dcheck&backup=Zookeeper02:2181,Zookeeper03:2181&dubbo=2.5.3&file=/tmp/dj-data-dcheck-2581755079286658055.cache&interface=com.alibaba.dubbo.registry.RegistryService&organization=datacenter&owner=data&pid=43882&register=true&timestamp=1398218463662, dubbo version: 2.5.3, current host: 10.10.64.187
2014-04-23 10:01:04,852 INFO  [DubboShutdownHook] (AbstractRegistry.java:312)     -  [DUBBO] Unregister: consumer://10.10.64.187/com.alibaba.dubbo.monitor.MonitorService?category=consumers&check=false&dubbo=2.5.3&interface=com.alibaba.dubbo.monitor.MonitorService&pid=43882&timestamp=1398218463668, dubbo version: 2.5.3, current host: 10.10.64.187
2014-04-23 10:01:04,858 INFO  [DubboShutdownHook] (AbstractRegistry.java:494)     -  [DUBBO] Destroy unregister url consumer://10.10.64.187/com.alibaba.dubbo.monitor.MonitorService?category=consumers&check=false&dubbo=2.5.3&interface=com.alibaba.dubbo.monitor.MonitorService&pid=43882&timestamp=1398218463668, dubbo version: 2.5.3, current host: 10.10.64.187
2014-04-23 10:01:04,858 INFO  [DubboShutdownHook] (AbstractRegistry.java:312)     -  [DUBBO] Unregister: consumer://10.10.64.187/com.dajie.sms.service.SmsService?application=dj-data-dcheck&category=consumers&check=false&dubbo=2.5.3&interface=com.dajie.sms.service.SmsService&methods=getAllDefaultKeys,mt,sendSMS,reloadTemplate,internalMO&organization=datacenter&owner=data&pid=43882&revision=1.0.4&side=consumer&timestamp=1398218463560, dubbo version: 2.5.3, current host: 10.10.64.187
2014-04-23 10:01:04,865 INFO  [DubboShutdownHook] (AbstractRegistry.java:494)     -  [DUBBO] Destroy unregister url consumer://10.10.64.187/com.dajie.sms.service.SmsService?application=dj-data-dcheck&category=consumers&check=false&dubbo=2.5.3&interface=com.dajie.sms.service.SmsService&methods=getAllDefaultKeys,mt,sendSMS,reloadTemplate,internalMO&organization=datacenter&owner=data&pid=43882&revision=1.0.4&side=consumer&timestamp=1398218463560, dubbo version: 2.5.3, current host: 10.10.64.187
2014-04-23 10:01:04,865 INFO  [DubboShutdownHook] (AbstractRegistry.java:343)     -  [DUBBO] Unsubscribe: consumer://10.10.64.187/com.alibaba.dubbo.monitor.MonitorService?category=providers,configurators,routers&dubbo=2.5.3&interface=com.alibaba.dubbo.monitor.MonitorService&pid=43882&timestamp=1398218463668, dubbo version: 2.5.3, current host: 10.10.64.187
2014-04-23 10:01:04,866 INFO  [DubboShutdownHook] (AbstractRegistry.java:510)     -  [DUBBO] Destroy unsubscribe url consumer://10.10.64.187/com.alibaba.dubbo.monitor.MonitorService?category=providers,configurators,routers&dubbo=2.5.3&interface=com.alibaba.dubbo.monitor.MonitorService&pid=43882&timestamp=1398218463668, dubbo version: 2.5.3, current host: 10.10.64.187
2014-04-23 10:01:04,867 INFO  [DubboShutdownHook] (AbstractRegistry.java:343)     -  [DUBBO] Unsubscribe: consumer://10.10.64.187/com.dajie.sms.service.SmsService?application=dj-data-dcheck&category=providers,configurators,routers&check=false&dubbo=2.5.3&interface=com.dajie.sms.service.SmsService&methods=getAllDefaultKeys,mt,sendSMS,reloadTemplate,internalMO&organization=datacenter&owner=data&pid=43882&revision=1.0.4&side=consumer&timestamp=1398218463560, dubbo version: 2.5.3, current host: 10.10.64.187
2014-04-23 10:01:04,868 INFO  [DubboShutdownHook] (AbstractRegistry.java:510)     -  [DUBBO] Destroy unsubscribe url consumer://10.10.64.187/com.dajie.sms.service.SmsService?application=dj-data-dcheck&category=providers,configurators,routers&check=false&dubbo=2.5.3&interface=com.dajie.sms.service.SmsService&methods=getAllDefaultKeys,mt,sendSMS,reloadTemplate,internalMO&organization=datacenter&owner=data&pid=43882&revision=1.0.4&side=consumer&timestamp=1398218463560, dubbo version: 2.5.3, current host: 10.10.64.187
2014-04-23 10:01:04,869 INFO  [ZkClient-EventThread-16-Zookeeper01:2181,Zookeeper02:2181,Zookeeper03:2181] (ZkEventThread.java:82)     - Terminate ZkClient event thread.
2014-04-23 10:01:04,872 INFO  [DubboShutdownHook] (ZooKeeper.java:679)     - Session: 0x34429bbe30054e0 closed
2014-04-23 10:01:04,872 INFO  [pool-1-thread-1-EventThread] (ClientCnxn.java:511)     - EventThread shut down
2014-04-23 10:01:04,873 INFO  [DubboShutdownHook] (DubboProtocol.java:407)     -  [DUBBO] Close dubbo connect: /10.10.64.187:44927-->/10.10.64.62:7072, dubbo version: 2.5.3, current host: 10.10.64.187
2014-04-23 10:01:04,875 INFO  [DubboShutdownHook] (NettyChannel.java:135)     -  [DUBBO] Close netty channel [id: 0x546e3e5e, /10.10.64.187:44927 => /10.10.64.62:7072], dubbo version: 2.5.3, current host: 10.10.64.187
2014-04-23 10:01:04,876 INFO  [DubboClientHandler-10.10.64.62:7072-thread-1] (DubboProtocol.java:130)     -  [DUBBO] disconected from /10.10.64.62:7072,url:dubbo://10.10.64.62:7072/com.alibaba.dubbo.monitor.MonitorService?anyhost=true&application=simple-monitor&check=false&codec=dubbo&delay=-1&dubbo=2.5.3&heartbeat=60000&interface=com.alibaba.dubbo.monitor.MonitorService&methods=lookup,collect&pid=43882&revision=2.5.3&side=provider&timestamp=1398218463668, dubbo version: 2.5.3, current host: 10.10.64.187
2014-04-23 10:01:04,877 INFO  [DubboShutdownHook] (DubboProtocol.java:407)     -  [DUBBO] Close dubbo connect: /10.10.64.187:60827-->/10.10.64.10:7010, dubbo version: 2.5.3, current host: 10.10.64.187
2014-04-23 10:01:04,878 INFO  [DubboShutdownHook] (NettyChannel.java:135)     -  [DUBBO] Close netty channel [id: 0x5273a5d3, /10.10.64.187:60827 => /10.10.64.10:7010], dubbo version: 2.5.3, current host: 10.10.64.187
2014-04-23 10:01:04,879 INFO  [DubboSharedHandler-thread-1] (DubboProtocol.java:130)     -  [DUBBO] disconected from /10.10.64.10:7010,url:dubbo://10.10.64.10:7010/com.dajie.sms.service.SmsService?anyhost=true&application=dj-data-dcheck&check=false&codec=dubbo&dubbo=2.5.3&getAllDefaultKeys.timeout=1000&heartbeat=60000&interface=com.dajie.sms.service.SmsService&internalMO.timeout=1000&loadbalance=roundrobin&methods=getAllDefaultKeys,mt,sendSMS,reloadTemplate,internalMO&monitor=dubbo%3A%2F%2FZookeeper01%3A2181%2Fcom.alibaba.dubbo.registry.RegistryService%3Fapplication%3Ddj-data-dcheck%26backup%3DZookeeper02%3A2181%2CZookeeper03%3A2181%26dubbo%3D2.5.3%26file%3D%2Ftmp%2Fdj-data-dcheck-2581755079286658055.cache%26organization%3Ddatacenter%26owner%3Ddata%26pid%3D43882%26protocol%3Dregistry%26refer%3Ddubbo%253D2.5.3%2526interface%253Dcom.alibaba.dubbo.monitor.MonitorService%2526pid%253D43882%2526timestamp%253D1398218463668%26register%3Dtrue%26registry%3Dzookeeper%26timestamp%3D1398218463662&mt.retries=0&mt.timeout=3000&organization=datacenter&owner=data&pid=43882&reloadTemplate.timeout=1000&revision=1.0.4&sendSMS.retries=0&sendSMS.timeout=3000&side=consumer&timeout=5000&timestamp=1398218463560, dubbo version: 2.5.3, current host: 10.10.64.187
2014-04-23 10:01:04,880 INFO  [DubboShutdownHook] (DubboProtocol.java:407)     -  [DUBBO] Close dubbo connect: /10.10.64.187:59847-->/10.10.64.103:7010, dubbo version: 2.5.3, current host: 10.10.64.187
2014-04-23 10:01:04,881 INFO  [DubboShutdownHook] (NettyChannel.java:135)     -  [DUBBO] Close netty channel [id: 0x677af46e, /10.10.64.187:59847 => /10.10.64.103:7010], dubbo version: 2.5.3, current host: 10.10.64.187
2014-04-23 10:01:04,882 INFO  [DubboSharedHandler-thread-1] (DubboProtocol.java:130)     -  [DUBBO] disconected from /10.10.64.103:7010,url:dubbo://10.10.64.103:7010/com.dajie.sms.service.SmsService?anyhost=true&application=dj-data-dcheck&check=false&codec=dubbo&dubbo=2.5.3&getAllDefaultKeys.timeout=1000&heartbeat=60000&interface=com.dajie.sms.service.SmsService&internalMO.timeout=1000&loadbalance=roundrobin&methods=getAllDefaultKeys,mt,sendSMS,reloadTemplate,internalMO&monitor=dubbo%3A%2F%2FZookeeper01%3A2181%2Fcom.alibaba.dubbo.registry.RegistryService%3Fapplication%3Ddj-data-dcheck%26backup%3DZookeeper02%3A2181%2CZookeeper03%3A2181%26dubbo%3D2.5.3%26file%3D%2Ftmp%2Fdj-data-dcheck-2581755079286658055.cache%26organization%3Ddatacenter%26owner%3Ddata%26pid%3D43882%26protocol%3Dregistry%26refer%3Ddubbo%253D2.5.3%2526interface%253Dcom.alibaba.dubbo.monitor.MonitorService%2526pid%253D43882%2526timestamp%253D1398218463668%26register%3Dtrue%26registry%3Dzookeeper%26timestamp%3D1398218463662&mt.retries=0&mt.timeout=3000&organization=datacenter&owner=data&pid=43882&reloadTemplate.timeout=1000&revision=1.0.4&sendSMS.retries=0&sendSMS.timeout=3000&side=consumer&timeout=5000&timestamp=1398218463560, dubbo version: 2.5.3, current host: 10.10.64.187
2014-04-23 10:01:04,883 INFO  [DubboShutdownHook] (DubboProtocol.java:421)     -  [DUBBO] Close dubbo connect: 10.10.64.187:0-->10.10.64.62:7072, dubbo version: 2.5.3, current host: 10.10.64.187
2014-04-23 10:01:04,883 INFO  [DubboShutdownHook] (DubboProtocol.java:421)     -  [DUBBO] Close dubbo connect: 10.10.64.187:0-->10.10.64.10:7010, dubbo version: 2.5.3, current host: 10.10.64.187
2014-04-23 10:01:04,883 INFO  [DubboShutdownHook] (DubboProtocol.java:421)     -  [DUBBO] Close dubbo connect: 10.10.64.187:0-->10.10.64.103:7010, dubbo version: 2.5.3, current host: 10.10.64.187
2014-04-23 10:01:04,884 INFO  [DubboShutdownHook] (AbstractProtocol.java:63)     -  [DUBBO] Destroy reference: dubbo://10.10.64.10:7010/com.dajie.sms.service.SmsService?anyhost=true&application=dj-data-dcheck&check=false&dubbo=2.5.3&getAllDefaultKeys.timeout=1000&interface=com.dajie.sms.service.SmsService&internalMO.timeout=1000&loadbalance=roundrobin&methods=getAllDefaultKeys,mt,sendSMS,reloadTemplate,internalMO&monitor=dubbo%3A%2F%2FZookeeper01%3A2181%2Fcom.alibaba.dubbo.registry.RegistryService%3Fapplication%3Ddj-data-dcheck%26backup%3DZookeeper02%3A2181%2CZookeeper03%3A2181%26dubbo%3D2.5.3%26file%3D%2Ftmp%2Fdj-data-dcheck-2581755079286658055.cache%26organization%3Ddatacenter%26owner%3Ddata%26pid%3D43882%26protocol%3Dregistry%26refer%3Ddubbo%253D2.5.3%2526interface%253Dcom.alibaba.dubbo.monitor.MonitorService%2526pid%253D43882%2526timestamp%253D1398218463668%26register%3Dtrue%26registry%3Dzookeeper%26timestamp%3D1398218463662&mt.retries=0&mt.timeout=3000&organization=datacenter&owner=data&pid=43882&reloadTemplate.timeout=1000&revision=1.0.4&sendSMS.retries=0&sendSMS.timeout=3000&side=consumer&timeout=5000&timestamp=1398218463560, dubbo version: 2.5.3, current host: 10.10.64.187
2014-04-23 10:01:04,885 INFO  [DubboShutdownHook] (AbstractProtocol.java:63)     -  [DUBBO] Destroy reference: dubbo://10.10.64.103:7010/com.dajie.sms.service.SmsService?anyhost=true&application=dj-data-dcheck&check=false&dubbo=2.5.3&getAllDefaultKeys.timeout=1000&interface=com.dajie.sms.service.SmsService&internalMO.timeout=1000&loadbalance=roundrobin&methods=getAllDefaultKeys,mt,sendSMS,reloadTemplate,internalMO&monitor=dubbo%3A%2F%2FZookeeper01%3A2181%2Fcom.alibaba.dubbo.registry.RegistryService%3Fapplication%3Ddj-data-dcheck%26backup%3DZookeeper02%3A2181%2CZookeeper03%3A2181%26dubbo%3D2.5.3%26file%3D%2Ftmp%2Fdj-data-dcheck-2581755079286658055.cache%26organization%3Ddatacenter%26owner%3Ddata%26pid%3D43882%26protocol%3Dregistry%26refer%3Ddubbo%253D2.5.3%2526interface%253Dcom.alibaba.dubbo.monitor.MonitorService%2526pid%253D43882%2526timestamp%253D1398218463668%26register%3Dtrue%26registry%3Dzookeeper%26timestamp%3D1398218463662&mt.retries=0&mt.timeout=3000&organization=datacenter&owner=data&pid=43882&reloadTemplate.timeout=1000&revision=1.0.4&sendSMS.retries=0&sendSMS.timeout=3000&side=consumer&timeout=5000&timestamp=1398218463560, dubbo version: 2.5.3, current host: 10.10.64.187
2014-04-23 10:01:04,886 INFO  [DubboShutdownHook] (AbstractProtocol.java:63)     -  [DUBBO] Destroy reference: dubbo://10.10.64.62:7072/com.alibaba.dubbo.monitor.MonitorService?anyhost=true&application=simple-monitor&check=false&delay=-1&dubbo=2.5.3&interface=com.alibaba.dubbo.monitor.MonitorService&interval=300000&methods=lookup,collect&pid=43882&revision=2.5.3&side=provider&timestamp=1398218463668, dubbo version: 2.5.3, current host: 10.10.64.187
